{"/Users/ethan/Desktop/Github/Gauntlet/MessageAI/functions/prompts/priorityDetection.js": {"path":"/Users/ethan/Desktop/Github/Gauntlet/MessageAI/functions/prompts/priorityDetection.js","statementMap":{"0":{"start":{"line":15,"column":31},"end":{"line":51,"column":12}},"1":{"start":{"line":57,"column":26},"end":{"line":193,"column":1}},"2":{"start":{"line":200,"column":2},"end":{"line":210,"column":18}},"3":{"start":{"line":201,"column":4},"end":{"line":209,"column":13}},"4":{"start":{"line":220,"column":15},"end":{"line":220,"column":37}},"5":{"start":{"line":222,"column":2},"end":{"line":224,"column":3}},"6":{"start":{"line":223,"column":4},"end":{"line":223,"column":47}},"7":{"start":{"line":226,"column":2},"end":{"line":232,"column":59}},"8":{"start":{"line":234,"column":2},"end":{"line":234,"column":16}},"9":{"start":{"line":238,"column":0},"end":{"line":243,"column":2}}},"fnMap":{"0":{"name":"formatFewShotExamples","decl":{"start":{"line":199,"column":9},"end":{"line":199,"column":30}},"loc":{"start":{"line":199,"column":33},"end":{"line":211,"column":1}},"line":199},"1":{"name":"(anonymous_1)","decl":{"start":{"line":200,"column":31},"end":{"line":200,"column":32}},"loc":{"start":{"line":200,"column":51},"end":{"line":210,"column":3}},"line":200},"2":{"name":"buildPriorityPrompt","decl":{"start":{"line":219,"column":9},"end":{"line":219,"column":28}},"loc":{"start":{"line":219,"column":75},"end":{"line":235,"column":1}},"line":219}},"branchMap":{"0":{"loc":{"start":{"line":219,"column":50},"end":{"line":219,"column":73}},"type":"default-arg","locations":[{"start":{"line":219,"column":68},"end":{"line":219,"column":73}}],"line":219},"1":{"loc":{"start":{"line":222,"column":2},"end":{"line":224,"column":3}},"type":"if","locations":[{"start":{"line":222,"column":2},"end":{"line":224,"column":3}},{"start":{},"end":{}}],"line":222}},"s":{"0":1,"1":1,"2":4,"3":12,"4":3,"5":3,"6":1,"7":3,"8":3,"9":1},"f":{"0":4,"1":12,"2":3},"b":{"0":[0],"1":[1,2]},"_coverageSchema":"1a1c01bbd47fc00a2c39e90264f33305004495a9","hash":"282a9a5fe335c2281f2364201b84798dad99661a"}
,"/Users/ethan/Desktop/Github/Gauntlet/MessageAI/functions/utils/aiUtils.js": {"path":"/Users/ethan/Desktop/Github/Gauntlet/MessageAI/functions/utils/aiUtils.js","statementMap":{"0":{"start":{"line":14,"column":17},"end":{"line":14,"column":34}},"1":{"start":{"line":15,"column":14},"end":{"line":15,"column":39}},"2":{"start":{"line":16,"column":18},"end":{"line":16,"column":47}},"3":{"start":{"line":19,"column":19},"end":{"line":19,"column":23}},"4":{"start":{"line":27,"column":2},"end":{"line":27,"column":59}},"5":{"start":{"line":27,"column":34},"end":{"line":27,"column":57}},"6":{"start":{"line":36,"column":2},"end":{"line":36,"column":22}},"7":{"start":{"line":36,"column":13},"end":{"line":36,"column":22}},"8":{"start":{"line":37,"column":2},"end":{"line":37,"column":39}},"9":{"start":{"line":51,"column":4},"end":{"line":51,"column":19}},"10":{"start":{"line":52,"column":4},"end":{"line":52,"column":33}},"11":{"start":{"line":53,"column":4},"end":{"line":53,"column":33}},"12":{"start":{"line":54,"column":4},"end":{"line":54,"column":21}},"13":{"start":{"line":67,"column":4},"end":{"line":67,"column":19}},"14":{"start":{"line":68,"column":4},"end":{"line":68,"column":34}},"15":{"start":{"line":89,"column":2},"end":{"line":91,"column":3}},"16":{"start":{"line":90,"column":4},"end":{"line":90,"column":24}},"17":{"start":{"line":95,"column":15},"end":{"line":95,"column":41}},"18":{"start":{"line":97,"column":2},"end":{"line":104,"column":3}},"19":{"start":{"line":98,"column":4},"end":{"line":103,"column":5}},"20":{"start":{"line":99,"column":6},"end":{"line":99,"column":50}},"21":{"start":{"line":106,"column":2},"end":{"line":115,"column":3}},"22":{"start":{"line":107,"column":4},"end":{"line":114,"column":6}},"23":{"start":{"line":118,"column":2},"end":{"line":122,"column":5}},"24":{"start":{"line":125,"column":2},"end":{"line":129,"column":4}},"25":{"start":{"line":132,"column":2},"end":{"line":135,"column":3}},"26":{"start":{"line":133,"column":4},"end":{"line":134,"column":37}},"27":{"start":{"line":137,"column":2},"end":{"line":137,"column":22}},"28":{"start":{"line":165,"column":2},"end":{"line":167,"column":3}},"29":{"start":{"line":166,"column":4},"end":{"line":166,"column":59}},"30":{"start":{"line":169,"column":2},"end":{"line":175,"column":3}},"31":{"start":{"line":170,"column":4},"end":{"line":174,"column":6}},"32":{"start":{"line":178,"column":50},"end":{"line":178,"column":57}},"33":{"start":{"line":181,"column":25},"end":{"line":181,"column":53}},"34":{"start":{"line":184,"column":25},"end":{"line":205,"column":4}},"35":{"start":{"line":186,"column":4},"end":{"line":190,"column":5}},"36":{"start":{"line":187,"column":6},"end":{"line":189,"column":8}},"37":{"start":{"line":191,"column":4},"end":{"line":195,"column":5}},"38":{"start":{"line":192,"column":6},"end":{"line":194,"column":8}},"39":{"start":{"line":198,"column":4},"end":{"line":204,"column":5}},"40":{"start":{"line":199,"column":22},"end":{"line":199,"column":52}},"41":{"start":{"line":200,"column":6},"end":{"line":200,"column":59}},"42":{"start":{"line":203,"column":6},"end":{"line":203,"column":46}},"43":{"start":{"line":207,"column":15},"end":{"line":207,"column":40}},"44":{"start":{"line":208,"column":26},"end":{"line":208,"column":50}},"45":{"start":{"line":210,"column":2},"end":{"line":214,"column":4}},"46":{"start":{"line":233,"column":2},"end":{"line":247,"column":3}},"47":{"start":{"line":234,"column":4},"end":{"line":234,"column":21}},"48":{"start":{"line":235,"column":9},"end":{"line":247,"column":3}},"49":{"start":{"line":236,"column":4},"end":{"line":236,"column":31}},"50":{"start":{"line":237,"column":9},"end":{"line":247,"column":3}},"51":{"start":{"line":239,"column":4},"end":{"line":239,"column":30}},"52":{"start":{"line":240,"column":9},"end":{"line":247,"column":3}},"53":{"start":{"line":243,"column":4},"end":{"line":243,"column":42}},"54":{"start":{"line":246,"column":4},"end":{"line":246,"column":22}},"55":{"start":{"line":250,"column":20},"end":{"line":254,"column":4}},"56":{"start":{"line":256,"column":2},"end":{"line":256,"column":32}},"57":{"start":{"line":273,"column":2},"end":{"line":275,"column":3}},"58":{"start":{"line":274,"column":4},"end":{"line":274,"column":67}},"59":{"start":{"line":276,"column":2},"end":{"line":278,"column":3}},"60":{"start":{"line":277,"column":4},"end":{"line":277,"column":67}},"61":{"start":{"line":280,"column":2},"end":{"line":316,"column":3}},"62":{"start":{"line":282,"column":20},"end":{"line":285,"column":14}},"63":{"start":{"line":287,"column":4},"end":{"line":289,"column":5}},"64":{"start":{"line":288,"column":6},"end":{"line":288,"column":60}},"65":{"start":{"line":291,"column":21},"end":{"line":291,"column":35}},"66":{"start":{"line":294,"column":4},"end":{"line":297,"column":5}},"67":{"start":{"line":296,"column":6},"end":{"line":296,"column":79}},"68":{"start":{"line":299,"column":4},"end":{"line":303,"column":5}},"69":{"start":{"line":300,"column":6},"end":{"line":302,"column":8}},"70":{"start":{"line":305,"column":4},"end":{"line":305,"column":20}},"71":{"start":{"line":307,"column":4},"end":{"line":309,"column":5}},"72":{"start":{"line":308,"column":6},"end":{"line":308,"column":18}},"73":{"start":{"line":311,"column":4},"end":{"line":315,"column":6}},"74":{"start":{"line":340,"column":2},"end":{"line":340,"column":49}},"75":{"start":{"line":343,"column":2},"end":{"line":349,"column":3}},"76":{"start":{"line":344,"column":4},"end":{"line":348,"column":6}},"77":{"start":{"line":352,"column":2},"end":{"line":357,"column":3}},"78":{"start":{"line":353,"column":4},"end":{"line":356,"column":6}},"79":{"start":{"line":360,"column":2},"end":{"line":366,"column":3}},"80":{"start":{"line":361,"column":4},"end":{"line":365,"column":6}},"81":{"start":{"line":369,"column":2},"end":{"line":375,"column":3}},"82":{"start":{"line":370,"column":4},"end":{"line":374,"column":6}},"83":{"start":{"line":378,"column":2},"end":{"line":383,"column":3}},"84":{"start":{"line":379,"column":4},"end":{"line":382,"column":6}},"85":{"start":{"line":386,"column":2},"end":{"line":390,"column":4}},"86":{"start":{"line":404,"column":2},"end":{"line":406,"column":3}},"87":{"start":{"line":405,"column":4},"end":{"line":405,"column":67}},"88":{"start":{"line":408,"column":2},"end":{"line":410,"column":3}},"89":{"start":{"line":409,"column":4},"end":{"line":409,"column":72}},"90":{"start":{"line":412,"column":2},"end":{"line":440,"column":3}},"91":{"start":{"line":413,"column":21},"end":{"line":419,"column":14}},"92":{"start":{"line":421,"column":4},"end":{"line":423,"column":5}},"93":{"start":{"line":422,"column":6},"end":{"line":422,"column":16}},"94":{"start":{"line":426,"column":21},"end":{"line":431,"column":18}},"95":{"start":{"line":427,"column":23},"end":{"line":430,"column":9}},"96":{"start":{"line":433,"column":4},"end":{"line":433,"column":20}},"97":{"start":{"line":435,"column":4},"end":{"line":439,"column":6}},"98":{"start":{"line":444,"column":0},"end":{"line":455,"column":2}}},"fnMap":{"0":{"name":"sleep","decl":{"start":{"line":26,"column":9},"end":{"line":26,"column":14}},"loc":{"start":{"line":26,"column":19},"end":{"line":28,"column":1}},"line":26},"1":{"name":"(anonymous_1)","decl":{"start":{"line":27,"column":21},"end":{"line":27,"column":22}},"loc":{"start":{"line":27,"column":34},"end":{"line":27,"column":57}},"line":27},"2":{"name":"estimateTokenCount","decl":{"start":{"line":35,"column":9},"end":{"line":35,"column":27}},"loc":{"start":{"line":35,"column":34},"end":{"line":38,"column":1}},"line":35},"3":{"name":"(anonymous_3)","decl":{"start":{"line":50,"column":2},"end":{"line":50,"column":3}},"loc":{"start":{"line":50,"column":41},"end":{"line":55,"column":3}},"line":50},"4":{"name":"(anonymous_4)","decl":{"start":{"line":66,"column":2},"end":{"line":66,"column":3}},"loc":{"start":{"line":66,"column":23},"end":{"line":69,"column":3}},"line":66},"5":{"name":"getOpenAIClient","decl":{"start":{"line":87,"column":9},"end":{"line":87,"column":24}},"loc":{"start":{"line":87,"column":39},"end":{"line":138,"column":1}},"line":87},"6":{"name":"buildMessageContext","decl":{"start":{"line":163,"column":9},"end":{"line":163,"column":28}},"loc":{"start":{"line":163,"column":53},"end":{"line":215,"column":1}},"line":163},"7":{"name":"(anonymous_7)","decl":{"start":{"line":184,"column":44},"end":{"line":184,"column":45}},"loc":{"start":{"line":184,"column":60},"end":{"line":205,"column":3}},"line":184},"8":{"name":"formatTimestamp","decl":{"start":{"line":229,"column":9},"end":{"line":229,"column":24}},"loc":{"start":{"line":229,"column":36},"end":{"line":257,"column":1}},"line":229},"9":{"name":"validateChatAccess","decl":{"start":{"line":272,"column":15},"end":{"line":272,"column":33}},"loc":{"start":{"line":272,"column":50},"end":{"line":317,"column":1}},"line":272},"10":{"name":"handleAIError","decl":{"start":{"line":339,"column":9},"end":{"line":339,"column":22}},"loc":{"start":{"line":339,"column":39},"end":{"line":391,"column":1}},"line":339},"11":{"name":"getLastNMessages","decl":{"start":{"line":403,"column":15},"end":{"line":403,"column":31}},"loc":{"start":{"line":403,"column":59},"end":{"line":441,"column":1}},"line":403},"12":{"name":"(anonymous_12)","decl":{"start":{"line":427,"column":13},"end":{"line":427,"column":14}},"loc":{"start":{"line":427,"column":23},"end":{"line":430,"column":9}},"line":427}},"branchMap":{"0":{"loc":{"start":{"line":36,"column":2},"end":{"line":36,"column":22}},"type":"if","locations":[{"start":{"line":36,"column":2},"end":{"line":36,"column":22}},{"start":{},"end":{}}],"line":36},"1":{"loc":{"start":{"line":87,"column":25},"end":{"line":87,"column":37}},"type":"default-arg","locations":[{"start":{"line":87,"column":35},"end":{"line":87,"column":37}}],"line":87},"2":{"loc":{"start":{"line":89,"column":2},"end":{"line":91,"column":3}},"type":"if","locations":[{"start":{"line":89,"column":2},"end":{"line":91,"column":3}},{"start":{},"end":{}}],"line":89},"3":{"loc":{"start":{"line":97,"column":2},"end":{"line":104,"column":3}},"type":"if","locations":[{"start":{"line":97,"column":2},"end":{"line":104,"column":3}},{"start":{},"end":{}}],"line":97},"4":{"loc":{"start":{"line":106,"column":2},"end":{"line":115,"column":3}},"type":"if","locations":[{"start":{"line":106,"column":2},"end":{"line":115,"column":3}},{"start":{},"end":{}}],"line":106},"5":{"loc":{"start":{"line":126,"column":11},"end":{"line":126,"column":41}},"type":"binary-expr","locations":[{"start":{"line":126,"column":11},"end":{"line":126,"column":24}},{"start":{"line":126,"column":28},"end":{"line":126,"column":41}}],"line":126},"6":{"loc":{"start":{"line":127,"column":17},"end":{"line":127,"column":78}},"type":"cond-expr","locations":[{"start":{"line":127,"column":53},"end":{"line":127,"column":72}},{"start":{"line":127,"column":75},"end":{"line":127,"column":78}}],"line":127},"7":{"loc":{"start":{"line":128,"column":15},"end":{"line":128,"column":40}},"type":"binary-expr","locations":[{"start":{"line":128,"column":15},"end":{"line":128,"column":32}},{"start":{"line":128,"column":36},"end":{"line":128,"column":40}}],"line":128},"8":{"loc":{"start":{"line":132,"column":2},"end":{"line":135,"column":3}},"type":"if","locations":[{"start":{"line":132,"column":2},"end":{"line":135,"column":3}},{"start":{},"end":{}}],"line":132},"9":{"loc":{"start":{"line":163,"column":39},"end":{"line":163,"column":51}},"type":"default-arg","locations":[{"start":{"line":163,"column":49},"end":{"line":163,"column":51}}],"line":163},"10":{"loc":{"start":{"line":165,"column":2},"end":{"line":167,"column":3}},"type":"if","locations":[{"start":{"line":165,"column":2},"end":{"line":167,"column":3}},{"start":{},"end":{}}],"line":165},"11":{"loc":{"start":{"line":169,"column":2},"end":{"line":175,"column":3}},"type":"if","locations":[{"start":{"line":169,"column":2},"end":{"line":175,"column":3}},{"start":{},"end":{}}],"line":169},"12":{"loc":{"start":{"line":178,"column":9},"end":{"line":178,"column":25}},"type":"default-arg","locations":[{"start":{"line":178,"column":23},"end":{"line":178,"column":25}}],"line":178},"13":{"loc":{"start":{"line":178,"column":27},"end":{"line":178,"column":46}},"type":"default-arg","locations":[{"start":{"line":178,"column":36},"end":{"line":178,"column":46}}],"line":178},"14":{"loc":{"start":{"line":186,"column":4},"end":{"line":190,"column":5}},"type":"if","locations":[{"start":{"line":186,"column":4},"end":{"line":190,"column":5}},{"start":{},"end":{}}],"line":186},"15":{"loc":{"start":{"line":186,"column":8},"end":{"line":186,"column":43}},"type":"binary-expr","locations":[{"start":{"line":186,"column":8},"end":{"line":186,"column":17}},{"start":{"line":186,"column":21},"end":{"line":186,"column":43}}],"line":186},"16":{"loc":{"start":{"line":191,"column":4},"end":{"line":195,"column":5}},"type":"if","locations":[{"start":{"line":191,"column":4},"end":{"line":195,"column":5}},{"start":{},"end":{}}],"line":191},"17":{"loc":{"start":{"line":198,"column":4},"end":{"line":204,"column":5}},"type":"if","locations":[{"start":{"line":198,"column":4},"end":{"line":204,"column":5}},{"start":{"line":201,"column":11},"end":{"line":204,"column":5}}],"line":198},"18":{"loc":{"start":{"line":233,"column":2},"end":{"line":247,"column":3}},"type":"if","locations":[{"start":{"line":233,"column":2},"end":{"line":247,"column":3}},{"start":{"line":235,"column":9},"end":{"line":247,"column":3}}],"line":233},"19":{"loc":{"start":{"line":235,"column":9},"end":{"line":247,"column":3}},"type":"if","locations":[{"start":{"line":235,"column":9},"end":{"line":247,"column":3}},{"start":{"line":237,"column":9},"end":{"line":247,"column":3}}],"line":235},"20":{"loc":{"start":{"line":237,"column":9},"end":{"line":247,"column":3}},"type":"if","locations":[{"start":{"line":237,"column":9},"end":{"line":247,"column":3}},{"start":{"line":240,"column":9},"end":{"line":247,"column":3}}],"line":237},"21":{"loc":{"start":{"line":237,"column":13},"end":{"line":237,"column":72}},"type":"binary-expr","locations":[{"start":{"line":237,"column":13},"end":{"line":237,"column":30}},{"start":{"line":237,"column":34},"end":{"line":237,"column":72}}],"line":237},"22":{"loc":{"start":{"line":240,"column":9},"end":{"line":247,"column":3}},"type":"if","locations":[{"start":{"line":240,"column":9},"end":{"line":247,"column":3}},{"start":{"line":244,"column":9},"end":{"line":247,"column":3}}],"line":240},"23":{"loc":{"start":{"line":240,"column":13},"end":{"line":241,"column":53}},"type":"binary-expr","locations":[{"start":{"line":240,"column":13},"end":{"line":240,"column":32}},{"start":{"line":241,"column":13},"end":{"line":241,"column":53}}],"line":240},"24":{"loc":{"start":{"line":273,"column":2},"end":{"line":275,"column":3}},"type":"if","locations":[{"start":{"line":273,"column":2},"end":{"line":275,"column":3}},{"start":{},"end":{}}],"line":273},"25":{"loc":{"start":{"line":273,"column":6},"end":{"line":273,"column":43}},"type":"binary-expr","locations":[{"start":{"line":273,"column":6},"end":{"line":273,"column":13}},{"start":{"line":273,"column":17},"end":{"line":273,"column":43}}],"line":273},"26":{"loc":{"start":{"line":276,"column":2},"end":{"line":278,"column":3}},"type":"if","locations":[{"start":{"line":276,"column":2},"end":{"line":278,"column":3}},{"start":{},"end":{}}],"line":276},"27":{"loc":{"start":{"line":276,"column":6},"end":{"line":276,"column":43}},"type":"binary-expr","locations":[{"start":{"line":276,"column":6},"end":{"line":276,"column":13}},{"start":{"line":276,"column":17},"end":{"line":276,"column":43}}],"line":276},"28":{"loc":{"start":{"line":287,"column":4},"end":{"line":289,"column":5}},"type":"if","locations":[{"start":{"line":287,"column":4},"end":{"line":289,"column":5}},{"start":{},"end":{}}],"line":287},"29":{"loc":{"start":{"line":294,"column":4},"end":{"line":297,"column":5}},"type":"if","locations":[{"start":{"line":294,"column":4},"end":{"line":297,"column":5}},{"start":{},"end":{}}],"line":294},"30":{"loc":{"start":{"line":294,"column":8},"end":{"line":295,"column":47}},"type":"binary-expr","locations":[{"start":{"line":294,"column":8},"end":{"line":294,"column":32}},{"start":{"line":295,"column":8},"end":{"line":295,"column":47}}],"line":294},"31":{"loc":{"start":{"line":299,"column":4},"end":{"line":303,"column":5}},"type":"if","locations":[{"start":{"line":299,"column":4},"end":{"line":303,"column":5}},{"start":{},"end":{}}],"line":299},"32":{"loc":{"start":{"line":307,"column":4},"end":{"line":309,"column":5}},"type":"if","locations":[{"start":{"line":307,"column":4},"end":{"line":309,"column":5}},{"start":{},"end":{}}],"line":307},"33":{"loc":{"start":{"line":343,"column":2},"end":{"line":349,"column":3}},"type":"if","locations":[{"start":{"line":343,"column":2},"end":{"line":349,"column":3}},{"start":{},"end":{}}],"line":343},"34":{"loc":{"start":{"line":343,"column":6},"end":{"line":343,"column":60}},"type":"binary-expr","locations":[{"start":{"line":343,"column":6},"end":{"line":343,"column":36}},{"start":{"line":343,"column":40},"end":{"line":343,"column":60}}],"line":343},"35":{"loc":{"start":{"line":352,"column":2},"end":{"line":357,"column":3}},"type":"if","locations":[{"start":{"line":352,"column":2},"end":{"line":357,"column":3}},{"start":{},"end":{}}],"line":352},"36":{"loc":{"start":{"line":352,"column":6},"end":{"line":352,"column":60}},"type":"binary-expr","locations":[{"start":{"line":352,"column":6},"end":{"line":352,"column":36}},{"start":{"line":352,"column":40},"end":{"line":352,"column":60}}],"line":352},"37":{"loc":{"start":{"line":360,"column":2},"end":{"line":366,"column":3}},"type":"if","locations":[{"start":{"line":360,"column":2},"end":{"line":366,"column":3}},{"start":{},"end":{}}],"line":360},"38":{"loc":{"start":{"line":360,"column":6},"end":{"line":360,"column":58}},"type":"binary-expr","locations":[{"start":{"line":360,"column":6},"end":{"line":360,"column":35}},{"start":{"line":360,"column":39},"end":{"line":360,"column":58}}],"line":360},"39":{"loc":{"start":{"line":369,"column":2},"end":{"line":375,"column":3}},"type":"if","locations":[{"start":{"line":369,"column":2},"end":{"line":375,"column":3}},{"start":{},"end":{}}],"line":369},"40":{"loc":{"start":{"line":369,"column":6},"end":{"line":369,"column":70}},"type":"binary-expr","locations":[{"start":{"line":369,"column":6},"end":{"line":369,"column":32}},{"start":{"line":369,"column":36},"end":{"line":369,"column":70}}],"line":369},"41":{"loc":{"start":{"line":378,"column":2},"end":{"line":383,"column":3}},"type":"if","locations":[{"start":{"line":378,"column":2},"end":{"line":383,"column":3}},{"start":{},"end":{}}],"line":378},"42":{"loc":{"start":{"line":389,"column":13},"end":{"line":389,"column":79}},"type":"cond-expr","locations":[{"start":{"line":389,"column":54},"end":{"line":389,"column":67}},{"start":{"line":389,"column":70},"end":{"line":389,"column":79}}],"line":389},"43":{"loc":{"start":{"line":403,"column":40},"end":{"line":403,"column":57}},"type":"default-arg","locations":[{"start":{"line":403,"column":55},"end":{"line":403,"column":57}}],"line":403},"44":{"loc":{"start":{"line":404,"column":2},"end":{"line":406,"column":3}},"type":"if","locations":[{"start":{"line":404,"column":2},"end":{"line":406,"column":3}},{"start":{},"end":{}}],"line":404},"45":{"loc":{"start":{"line":404,"column":6},"end":{"line":404,"column":43}},"type":"binary-expr","locations":[{"start":{"line":404,"column":6},"end":{"line":404,"column":13}},{"start":{"line":404,"column":17},"end":{"line":404,"column":43}}],"line":404},"46":{"loc":{"start":{"line":408,"column":2},"end":{"line":410,"column":3}},"type":"if","locations":[{"start":{"line":408,"column":2},"end":{"line":410,"column":3}},{"start":{},"end":{}}],"line":408},"47":{"loc":{"start":{"line":408,"column":6},"end":{"line":408,"column":75}},"type":"binary-expr","locations":[{"start":{"line":408,"column":6},"end":{"line":408,"column":19}},{"start":{"line":408,"column":23},"end":{"line":408,"column":55}},{"start":{"line":408,"column":59},"end":{"line":408,"column":75}}],"line":408},"48":{"loc":{"start":{"line":421,"column":4},"end":{"line":423,"column":5}},"type":"if","locations":[{"start":{"line":421,"column":4},"end":{"line":423,"column":5}},{"start":{},"end":{}}],"line":421}},"s":{"0":3,"1":3,"2":3,"3":3,"4":3,"5":3,"6":11,"7":4,"8":7,"9":24,"10":24,"11":24,"12":24,"13":13,"14":13,"15":3,"16":2,"17":1,"18":1,"19":0,"20":0,"21":1,"22":0,"23":1,"24":1,"25":1,"26":0,"27":1,"28":8,"29":2,"30":6,"31":1,"32":5,"33":5,"34":5,"35":12,"36":1,"37":11,"38":0,"39":11,"40":8,"41":8,"42":3,"43":4,"44":4,"45":4,"46":11,"47":1,"48":10,"49":9,"50":1,"51":1,"52":0,"53":0,"54":0,"55":11,"56":11,"57":4,"58":2,"59":2,"60":2,"61":0,"62":0,"63":0,"64":0,"65":0,"66":0,"67":0,"68":0,"69":0,"70":0,"71":0,"72":0,"73":0,"74":6,"75":6,"76":1,"77":5,"78":1,"79":4,"80":1,"81":3,"82":1,"83":2,"84":1,"85":1,"86":4,"87":2,"88":2,"89":2,"90":0,"91":0,"92":0,"93":0,"94":0,"95":0,"96":0,"97":0,"98":3},"f":{"0":3,"1":3,"2":11,"3":24,"4":13,"5":3,"6":8,"7":12,"8":11,"9":4,"10":6,"11":4,"12":0},"b":{"0":[4,7],"1":[2],"2":[2,1],"3":[0,1],"4":[0,1],"5":[1,1],"6":[0,1],"7":[1,1],"8":[0,1],"9":[5],"10":[2,6],"11":[1,5],"12":[4],"13":[3],"14":[1,11],"15":[12,11],"16":[0,11],"17":[8,3],"18":[1,10],"19":[9,1],"20":[1,0],"21":[1,1],"22":[0,0],"23":[0,0],"24":[2,2],"25":[4,2],"26":[2,0],"27":[2,0],"28":[0,0],"29":[0,0],"30":[0,0],"31":[0,0],"32":[0,0],"33":[1,5],"34":[6,5],"35":[1,4],"36":[5,4],"37":[1,3],"38":[4,3],"39":[1,2],"40":[3,2],"41":[1,1],"42":[0,1],"43":[0],"44":[2,2],"45":[4,2],"46":[2,0],"47":[2,1,1],"48":[0,0]},"_coverageSchema":"1a1c01bbd47fc00a2c39e90264f33305004495a9","hash":"44d24acb250d0bd92ce2745854cf517e07dad9e1"}
,"/Users/ethan/Desktop/Github/Gauntlet/MessageAI/functions/utils/cacheUtils.js": {"path":"/Users/ethan/Desktop/Github/Gauntlet/MessageAI/functions/utils/cacheUtils.js","statementMap":{"0":{"start":{"line":15,"column":14},"end":{"line":15,"column":39}},"1":{"start":{"line":16,"column":25},"end":{"line":16,"column":45}},"2":{"start":{"line":34,"column":30},"end":{"line":34,"column":37}},"3":{"start":{"line":36,"column":2},"end":{"line":42,"column":3}},"4":{"start":{"line":37,"column":4},"end":{"line":41,"column":6}},"5":{"start":{"line":44,"column":2},"end":{"line":50,"column":3}},"6":{"start":{"line":45,"column":4},"end":{"line":49,"column":6}},"7":{"start":{"line":52,"column":2},"end":{"line":93,"column":3}},"8":{"start":{"line":54,"column":21},"end":{"line":60,"column":14}},"9":{"start":{"line":62,"column":4},"end":{"line":66,"column":5}},"10":{"start":{"line":64,"column":6},"end":{"line":64,"column":52}},"11":{"start":{"line":65,"column":6},"end":{"line":65,"column":18}},"12":{"start":{"line":68,"column":16},"end":{"line":68,"column":32}},"13":{"start":{"line":69,"column":17},"end":{"line":69,"column":27}},"14":{"start":{"line":70,"column":16},"end":{"line":70,"column":54}},"15":{"start":{"line":72,"column":4},"end":{"line":76,"column":5}},"16":{"start":{"line":74,"column":6},"end":{"line":74,"column":52}},"17":{"start":{"line":75,"column":6},"end":{"line":75,"column":18}},"18":{"start":{"line":79,"column":4},"end":{"line":79,"column":49}},"19":{"start":{"line":81,"column":4},"end":{"line":85,"column":6}},"20":{"start":{"line":87,"column":4},"end":{"line":87,"column":57}},"21":{"start":{"line":88,"column":4},"end":{"line":92,"column":6}},"22":{"start":{"line":114,"column":2},"end":{"line":120,"column":3}},"23":{"start":{"line":115,"column":4},"end":{"line":119,"column":6}},"24":{"start":{"line":122,"column":2},"end":{"line":128,"column":3}},"25":{"start":{"line":123,"column":4},"end":{"line":127,"column":6}},"26":{"start":{"line":130,"column":2},"end":{"line":136,"column":3}},"27":{"start":{"line":131,"column":4},"end":{"line":135,"column":6}},"28":{"start":{"line":138,"column":2},"end":{"line":144,"column":3}},"29":{"start":{"line":139,"column":4},"end":{"line":143,"column":6}},"30":{"start":{"line":146,"column":2},"end":{"line":170,"column":3}},"31":{"start":{"line":148,"column":19},"end":{"line":156,"column":10}},"32":{"start":{"line":158,"column":4},"end":{"line":160,"column":5}},"33":{"start":{"line":159,"column":6},"end":{"line":159,"column":68}},"34":{"start":{"line":162,"column":4},"end":{"line":162,"column":21}},"35":{"start":{"line":164,"column":4},"end":{"line":164,"column":57}},"36":{"start":{"line":165,"column":4},"end":{"line":169,"column":6}},"37":{"start":{"line":190,"column":35},"end":{"line":190,"column":42}},"38":{"start":{"line":192,"column":2},"end":{"line":198,"column":3}},"39":{"start":{"line":193,"column":4},"end":{"line":197,"column":6}},"40":{"start":{"line":200,"column":2},"end":{"line":241,"column":3}},"41":{"start":{"line":201,"column":23},"end":{"line":203,"column":5}},"42":{"start":{"line":206,"column":16},"end":{"line":209,"column":44}},"43":{"start":{"line":211,"column":4},"end":{"line":213,"column":5}},"44":{"start":{"line":212,"column":6},"end":{"line":212,"column":46}},"45":{"start":{"line":215,"column":21},"end":{"line":215,"column":38}},"46":{"start":{"line":217,"column":4},"end":{"line":219,"column":5}},"47":{"start":{"line":218,"column":6},"end":{"line":218,"column":15}},"48":{"start":{"line":222,"column":18},"end":{"line":222,"column":43}},"49":{"start":{"line":223,"column":4},"end":{"line":225,"column":7}},"50":{"start":{"line":224,"column":6},"end":{"line":224,"column":28}},"51":{"start":{"line":227,"column":4},"end":{"line":227,"column":25}},"52":{"start":{"line":229,"column":4},"end":{"line":231,"column":5}},"53":{"start":{"line":230,"column":6},"end":{"line":230,"column":80}},"54":{"start":{"line":233,"column":4},"end":{"line":233,"column":25}},"55":{"start":{"line":235,"column":4},"end":{"line":235,"column":62}},"56":{"start":{"line":236,"column":4},"end":{"line":240,"column":6}},"57":{"start":{"line":256,"column":2},"end":{"line":258,"column":3}},"58":{"start":{"line":257,"column":4},"end":{"line":257,"column":11}},"59":{"start":{"line":260,"column":22},"end":{"line":260,"column":27}},"60":{"start":{"line":262,"column":2},"end":{"line":276,"column":3}},"61":{"start":{"line":263,"column":19},"end":{"line":265,"column":26}},"62":{"start":{"line":267,"column":4},"end":{"line":272,"column":22}},"63":{"start":{"line":275,"column":4},"end":{"line":275,"column":67}},"64":{"start":{"line":289,"column":2},"end":{"line":303,"column":3}},"65":{"start":{"line":290,"column":16},"end":{"line":293,"column":14}},"66":{"start":{"line":295,"column":4},"end":{"line":297,"column":5}},"67":{"start":{"line":296,"column":6},"end":{"line":296,"column":16}},"68":{"start":{"line":299,"column":4},"end":{"line":299,"column":22}},"69":{"start":{"line":301,"column":4},"end":{"line":301,"column":57}},"70":{"start":{"line":302,"column":4},"end":{"line":302,"column":14}},"71":{"start":{"line":307,"column":0},"end":{"line":313,"column":2}}},"fnMap":{"0":{"name":"getCachedResult","decl":{"start":{"line":33,"column":15},"end":{"line":33,"column":30}},"loc":{"start":{"line":33,"column":59},"end":{"line":94,"column":1}},"line":33},"1":{"name":"setCacheResult","decl":{"start":{"line":113,"column":15},"end":{"line":113,"column":29}},"loc":{"start":{"line":113,"column":44},"end":{"line":171,"column":1}},"line":113},"2":{"name":"invalidateCache","decl":{"start":{"line":189,"column":15},"end":{"line":189,"column":30}},"loc":{"start":{"line":189,"column":59},"end":{"line":242,"column":1}},"line":189},"3":{"name":"(anonymous_3)","decl":{"start":{"line":223,"column":26},"end":{"line":223,"column":27}},"loc":{"start":{"line":223,"column":35},"end":{"line":225,"column":5}},"line":223},"4":{"name":"incrementCacheStats","decl":{"start":{"line":255,"column":15},"end":{"line":255,"column":34}},"loc":{"start":{"line":255,"column":42},"end":{"line":277,"column":1}},"line":255},"5":{"name":"getCacheStats","decl":{"start":{"line":288,"column":15},"end":{"line":288,"column":28}},"loc":{"start":{"line":288,"column":31},"end":{"line":304,"column":1}},"line":288}},"branchMap":{"0":{"loc":{"start":{"line":33,"column":45},"end":{"line":33,"column":57}},"type":"default-arg","locations":[{"start":{"line":33,"column":55},"end":{"line":33,"column":57}}],"line":33},"1":{"loc":{"start":{"line":34,"column":9},"end":{"line":34,"column":26}},"type":"default-arg","locations":[{"start":{"line":34,"column":18},"end":{"line":34,"column":26}}],"line":34},"2":{"loc":{"start":{"line":36,"column":2},"end":{"line":42,"column":3}},"type":"if","locations":[{"start":{"line":36,"column":2},"end":{"line":42,"column":3}},{"start":{},"end":{}}],"line":36},"3":{"loc":{"start":{"line":36,"column":6},"end":{"line":36,"column":43}},"type":"binary-expr","locations":[{"start":{"line":36,"column":6},"end":{"line":36,"column":13}},{"start":{"line":36,"column":17},"end":{"line":36,"column":43}}],"line":36},"4":{"loc":{"start":{"line":44,"column":2},"end":{"line":50,"column":3}},"type":"if","locations":[{"start":{"line":44,"column":2},"end":{"line":50,"column":3}},{"start":{},"end":{}}],"line":44},"5":{"loc":{"start":{"line":44,"column":6},"end":{"line":44,"column":39}},"type":"binary-expr","locations":[{"start":{"line":44,"column":6},"end":{"line":44,"column":11}},{"start":{"line":44,"column":15},"end":{"line":44,"column":39}}],"line":44},"6":{"loc":{"start":{"line":62,"column":4},"end":{"line":66,"column":5}},"type":"if","locations":[{"start":{"line":62,"column":4},"end":{"line":66,"column":5}},{"start":{},"end":{}}],"line":62},"7":{"loc":{"start":{"line":72,"column":4},"end":{"line":76,"column":5}},"type":"if","locations":[{"start":{"line":72,"column":4},"end":{"line":76,"column":5}},{"start":{},"end":{}}],"line":72},"8":{"loc":{"start":{"line":114,"column":2},"end":{"line":120,"column":3}},"type":"if","locations":[{"start":{"line":114,"column":2},"end":{"line":120,"column":3}},{"start":{},"end":{}}],"line":114},"9":{"loc":{"start":{"line":114,"column":6},"end":{"line":114,"column":43}},"type":"binary-expr","locations":[{"start":{"line":114,"column":6},"end":{"line":114,"column":13}},{"start":{"line":114,"column":17},"end":{"line":114,"column":43}}],"line":114},"10":{"loc":{"start":{"line":122,"column":2},"end":{"line":128,"column":3}},"type":"if","locations":[{"start":{"line":122,"column":2},"end":{"line":128,"column":3}},{"start":{},"end":{}}],"line":122},"11":{"loc":{"start":{"line":122,"column":6},"end":{"line":122,"column":39}},"type":"binary-expr","locations":[{"start":{"line":122,"column":6},"end":{"line":122,"column":11}},{"start":{"line":122,"column":15},"end":{"line":122,"column":39}}],"line":122},"12":{"loc":{"start":{"line":130,"column":2},"end":{"line":136,"column":3}},"type":"if","locations":[{"start":{"line":130,"column":2},"end":{"line":136,"column":3}},{"start":{},"end":{}}],"line":130},"13":{"loc":{"start":{"line":130,"column":6},"end":{"line":130,"column":49}},"type":"binary-expr","locations":[{"start":{"line":130,"column":6},"end":{"line":130,"column":16}},{"start":{"line":130,"column":20},"end":{"line":130,"column":49}}],"line":130},"14":{"loc":{"start":{"line":138,"column":2},"end":{"line":144,"column":3}},"type":"if","locations":[{"start":{"line":138,"column":2},"end":{"line":144,"column":3}},{"start":{},"end":{}}],"line":138},"15":{"loc":{"start":{"line":154,"column":20},"end":{"line":154,"column":39}},"type":"binary-expr","locations":[{"start":{"line":154,"column":20},"end":{"line":154,"column":33}},{"start":{"line":154,"column":37},"end":{"line":154,"column":39}}],"line":154},"16":{"loc":{"start":{"line":158,"column":4},"end":{"line":160,"column":5}},"type":"if","locations":[{"start":{"line":158,"column":4},"end":{"line":160,"column":5}},{"start":{},"end":{}}],"line":158},"17":{"loc":{"start":{"line":189,"column":45},"end":{"line":189,"column":57}},"type":"default-arg","locations":[{"start":{"line":189,"column":55},"end":{"line":189,"column":57}}],"line":189},"18":{"loc":{"start":{"line":190,"column":9},"end":{"line":190,"column":31}},"type":"default-arg","locations":[{"start":{"line":190,"column":21},"end":{"line":190,"column":31}}],"line":190},"19":{"loc":{"start":{"line":192,"column":2},"end":{"line":198,"column":3}},"type":"if","locations":[{"start":{"line":192,"column":2},"end":{"line":198,"column":3}},{"start":{},"end":{}}],"line":192},"20":{"loc":{"start":{"line":192,"column":6},"end":{"line":192,"column":43}},"type":"binary-expr","locations":[{"start":{"line":192,"column":6},"end":{"line":192,"column":13}},{"start":{"line":192,"column":17},"end":{"line":192,"column":43}}],"line":192},"21":{"loc":{"start":{"line":211,"column":4},"end":{"line":213,"column":5}},"type":"if","locations":[{"start":{"line":211,"column":4},"end":{"line":213,"column":5}},{"start":{},"end":{}}],"line":211},"22":{"loc":{"start":{"line":217,"column":4},"end":{"line":219,"column":5}},"type":"if","locations":[{"start":{"line":217,"column":4},"end":{"line":219,"column":5}},{"start":{},"end":{}}],"line":217},"23":{"loc":{"start":{"line":229,"column":4},"end":{"line":231,"column":5}},"type":"if","locations":[{"start":{"line":229,"column":4},"end":{"line":231,"column":5}},{"start":{},"end":{}}],"line":229},"24":{"loc":{"start":{"line":256,"column":2},"end":{"line":258,"column":3}},"type":"if","locations":[{"start":{"line":256,"column":2},"end":{"line":258,"column":3}},{"start":{},"end":{}}],"line":256},"25":{"loc":{"start":{"line":256,"column":6},"end":{"line":256,"column":41}},"type":"binary-expr","locations":[{"start":{"line":256,"column":6},"end":{"line":256,"column":12}},{"start":{"line":256,"column":16},"end":{"line":256,"column":41}}],"line":256},"26":{"loc":{"start":{"line":268,"column":61},"end":{"line":268,"column":72}},"type":"cond-expr","locations":[{"start":{"line":268,"column":67},"end":{"line":268,"column":68}},{"start":{"line":268,"column":71},"end":{"line":268,"column":72}}],"line":268},"27":{"loc":{"start":{"line":269,"column":63},"end":{"line":269,"column":74}},"type":"cond-expr","locations":[{"start":{"line":269,"column":69},"end":{"line":269,"column":70}},{"start":{"line":269,"column":73},"end":{"line":269,"column":74}}],"line":269},"28":{"loc":{"start":{"line":295,"column":4},"end":{"line":297,"column":5}},"type":"if","locations":[{"start":{"line":295,"column":4},"end":{"line":297,"column":5}},{"start":{},"end":{}}],"line":295}},"s":{"0":1,"1":1,"2":8,"3":8,"4":2,"5":6,"6":2,"7":4,"8":4,"9":4,"10":1,"11":1,"12":3,"13":3,"14":3,"15":3,"16":2,"17":2,"18":1,"19":1,"20":0,"21":0,"22":6,"23":1,"24":5,"25":2,"26":3,"27":1,"28":2,"29":1,"30":1,"31":1,"32":1,"33":0,"34":1,"35":0,"36":0,"37":4,"38":4,"39":1,"40":3,"41":3,"42":3,"43":3,"44":1,"45":3,"46":3,"47":2,"48":1,"49":1,"50":5,"51":1,"52":1,"53":0,"54":1,"55":0,"56":0,"57":7,"58":0,"59":7,"60":7,"61":7,"62":7,"63":1,"64":3,"65":3,"66":2,"67":1,"68":1,"69":1,"70":1,"71":1},"f":{"0":8,"1":6,"2":4,"3":5,"4":7,"5":3},"b":{"0":[7],"1":[7],"2":[2,6],"3":[8,6],"4":[2,4],"5":[6,4],"6":[1,3],"7":[2,1],"8":[1,5],"9":[6,5],"10":[2,3],"11":[5,4],"12":[1,2],"13":[3,2],"14":[1,1],"15":[1,0],"16":[0,1],"17":[4],"18":[4],"19":[1,3],"20":[4,3],"21":[1,2],"22":[2,1],"23":[0,1],"24":[0,7],"25":[7,7],"26":[3,4],"27":[3,4],"28":[1,1]},"_coverageSchema":"1a1c01bbd47fc00a2c39e90264f33305004495a9","hash":"629aaaff2ed7d22f789fe96509f8cb1271890f42"}
,"/Users/ethan/Desktop/Github/Gauntlet/MessageAI/functions/utils/errors.js": {"path":"/Users/ethan/Desktop/Github/Gauntlet/MessageAI/functions/utils/errors.js","statementMap":{"0":{"start":{"line":12,"column":14},"end":{"line":12,"column":39}},"1":{"start":{"line":25,"column":4},"end":{"line":25,"column":19}},"2":{"start":{"line":26,"column":4},"end":{"line":26,"column":33}},"3":{"start":{"line":27,"column":4},"end":{"line":27,"column":33}},"4":{"start":{"line":28,"column":4},"end":{"line":28,"column":21}},"5":{"start":{"line":41,"column":4},"end":{"line":41,"column":19}},"6":{"start":{"line":42,"column":4},"end":{"line":42,"column":34}},"7":{"start":{"line":43,"column":4},"end":{"line":43,"column":26}},"8":{"start":{"line":44,"column":4},"end":{"line":44,"column":35}},"9":{"start":{"line":58,"column":4},"end":{"line":58,"column":19}},"10":{"start":{"line":59,"column":4},"end":{"line":59,"column":29}},"11":{"start":{"line":60,"column":4},"end":{"line":60,"column":26}},"12":{"start":{"line":61,"column":4},"end":{"line":61,"column":21}},"13":{"start":{"line":75,"column":4},"end":{"line":75,"column":19}},"14":{"start":{"line":76,"column":4},"end":{"line":76,"column":33}},"15":{"start":{"line":77,"column":4},"end":{"line":77,"column":26}},"16":{"start":{"line":78,"column":4},"end":{"line":78,"column":38}},"17":{"start":{"line":79,"column":4},"end":{"line":79,"column":33}},"18":{"start":{"line":104,"column":2},"end":{"line":104,"column":49}},"19":{"start":{"line":107,"column":2},"end":{"line":113,"column":3}},"20":{"start":{"line":108,"column":4},"end":{"line":112,"column":6}},"21":{"start":{"line":115,"column":2},"end":{"line":121,"column":3}},"22":{"start":{"line":116,"column":4},"end":{"line":120,"column":6}},"23":{"start":{"line":124,"column":2},"end":{"line":129,"column":3}},"24":{"start":{"line":125,"column":4},"end":{"line":128,"column":6}},"25":{"start":{"line":132,"column":2},"end":{"line":138,"column":3}},"26":{"start":{"line":133,"column":4},"end":{"line":137,"column":6}},"27":{"start":{"line":141,"column":2},"end":{"line":147,"column":3}},"28":{"start":{"line":142,"column":4},"end":{"line":146,"column":6}},"29":{"start":{"line":150,"column":2},"end":{"line":155,"column":3}},"30":{"start":{"line":151,"column":4},"end":{"line":154,"column":6}},"31":{"start":{"line":158,"column":2},"end":{"line":164,"column":3}},"32":{"start":{"line":159,"column":4},"end":{"line":163,"column":6}},"33":{"start":{"line":167,"column":2},"end":{"line":172,"column":3}},"34":{"start":{"line":168,"column":4},"end":{"line":171,"column":6}},"35":{"start":{"line":175,"column":2},"end":{"line":179,"column":4}},"36":{"start":{"line":203,"column":2},"end":{"line":205,"column":3}},"37":{"start":{"line":204,"column":4},"end":{"line":204,"column":11}},"38":{"start":{"line":207,"column":2},"end":{"line":229,"column":3}},"39":{"start":{"line":208,"column":4},"end":{"line":225,"column":11}},"40":{"start":{"line":228,"column":4},"end":{"line":228,"column":60}},"41":{"start":{"line":233,"column":0},"end":{"line":240,"column":2}}},"fnMap":{"0":{"name":"(anonymous_0)","decl":{"start":{"line":24,"column":2},"end":{"line":24,"column":3}},"loc":{"start":{"line":24,"column":59},"end":{"line":29,"column":3}},"line":24},"1":{"name":"(anonymous_1)","decl":{"start":{"line":40,"column":2},"end":{"line":40,"column":3}},"loc":{"start":{"line":40,"column":23},"end":{"line":45,"column":3}},"line":40},"2":{"name":"(anonymous_2)","decl":{"start":{"line":57,"column":2},"end":{"line":57,"column":3}},"loc":{"start":{"line":57,"column":45},"end":{"line":62,"column":3}},"line":57},"3":{"name":"(anonymous_3)","decl":{"start":{"line":74,"column":2},"end":{"line":74,"column":3}},"loc":{"start":{"line":74,"column":40},"end":{"line":80,"column":3}},"line":74},"4":{"name":"handleAIError","decl":{"start":{"line":103,"column":9},"end":{"line":103,"column":22}},"loc":{"start":{"line":103,"column":39},"end":{"line":180,"column":1}},"line":103},"5":{"name":"logError","decl":{"start":{"line":201,"column":15},"end":{"line":201,"column":23}},"loc":{"start":{"line":201,"column":52},"end":{"line":230,"column":1}},"line":201}},"branchMap":{"0":{"loc":{"start":{"line":24,"column":23},"end":{"line":24,"column":39}},"type":"default-arg","locations":[{"start":{"line":24,"column":36},"end":{"line":24,"column":39}}],"line":24},"1":{"loc":{"start":{"line":24,"column":41},"end":{"line":24,"column":57}},"type":"default-arg","locations":[{"start":{"line":24,"column":48},"end":{"line":24,"column":57}}],"line":24},"2":{"loc":{"start":{"line":57,"column":23},"end":{"line":57,"column":43}},"type":"default-arg","locations":[{"start":{"line":57,"column":30},"end":{"line":57,"column":43}}],"line":57},"3":{"loc":{"start":{"line":74,"column":23},"end":{"line":74,"column":38}},"type":"default-arg","locations":[{"start":{"line":74,"column":36},"end":{"line":74,"column":38}}],"line":74},"4":{"loc":{"start":{"line":107,"column":2},"end":{"line":113,"column":3}},"type":"if","locations":[{"start":{"line":107,"column":2},"end":{"line":113,"column":3}},{"start":{},"end":{}}],"line":107},"5":{"loc":{"start":{"line":115,"column":2},"end":{"line":121,"column":3}},"type":"if","locations":[{"start":{"line":115,"column":2},"end":{"line":121,"column":3}},{"start":{},"end":{}}],"line":115},"6":{"loc":{"start":{"line":115,"column":6},"end":{"line":115,"column":60}},"type":"binary-expr","locations":[{"start":{"line":115,"column":6},"end":{"line":115,"column":36}},{"start":{"line":115,"column":40},"end":{"line":115,"column":60}}],"line":115},"7":{"loc":{"start":{"line":124,"column":2},"end":{"line":129,"column":3}},"type":"if","locations":[{"start":{"line":124,"column":2},"end":{"line":129,"column":3}},{"start":{},"end":{}}],"line":124},"8":{"loc":{"start":{"line":124,"column":6},"end":{"line":124,"column":60}},"type":"binary-expr","locations":[{"start":{"line":124,"column":6},"end":{"line":124,"column":36}},{"start":{"line":124,"column":40},"end":{"line":124,"column":60}}],"line":124},"9":{"loc":{"start":{"line":132,"column":2},"end":{"line":138,"column":3}},"type":"if","locations":[{"start":{"line":132,"column":2},"end":{"line":138,"column":3}},{"start":{},"end":{}}],"line":132},"10":{"loc":{"start":{"line":132,"column":6},"end":{"line":132,"column":58}},"type":"binary-expr","locations":[{"start":{"line":132,"column":6},"end":{"line":132,"column":35}},{"start":{"line":132,"column":39},"end":{"line":132,"column":58}}],"line":132},"11":{"loc":{"start":{"line":141,"column":2},"end":{"line":147,"column":3}},"type":"if","locations":[{"start":{"line":141,"column":2},"end":{"line":147,"column":3}},{"start":{},"end":{}}],"line":141},"12":{"loc":{"start":{"line":141,"column":6},"end":{"line":141,"column":70}},"type":"binary-expr","locations":[{"start":{"line":141,"column":6},"end":{"line":141,"column":32}},{"start":{"line":141,"column":36},"end":{"line":141,"column":70}}],"line":141},"13":{"loc":{"start":{"line":150,"column":2},"end":{"line":155,"column":3}},"type":"if","locations":[{"start":{"line":150,"column":2},"end":{"line":155,"column":3}},{"start":{},"end":{}}],"line":150},"14":{"loc":{"start":{"line":158,"column":2},"end":{"line":164,"column":3}},"type":"if","locations":[{"start":{"line":158,"column":2},"end":{"line":164,"column":3}},{"start":{},"end":{}}],"line":158},"15":{"loc":{"start":{"line":167,"column":2},"end":{"line":172,"column":3}},"type":"if","locations":[{"start":{"line":167,"column":2},"end":{"line":172,"column":3}},{"start":{},"end":{}}],"line":167},"16":{"loc":{"start":{"line":178,"column":13},"end":{"line":178,"column":79}},"type":"cond-expr","locations":[{"start":{"line":178,"column":54},"end":{"line":178,"column":67}},{"start":{"line":178,"column":70},"end":{"line":178,"column":79}}],"line":178},"17":{"loc":{"start":{"line":201,"column":40},"end":{"line":201,"column":50}},"type":"default-arg","locations":[{"start":{"line":201,"column":48},"end":{"line":201,"column":50}}],"line":201},"18":{"loc":{"start":{"line":203,"column":2},"end":{"line":205,"column":3}},"type":"if","locations":[{"start":{"line":203,"column":2},"end":{"line":205,"column":3}},{"start":{},"end":{}}],"line":203},"19":{"loc":{"start":{"line":217,"column":18},"end":{"line":217,"column":41}},"type":"binary-expr","locations":[{"start":{"line":217,"column":18},"end":{"line":217,"column":28}},{"start":{"line":217,"column":32},"end":{"line":217,"column":41}}],"line":217},"20":{"loc":{"start":{"line":219,"column":19},"end":{"line":221,"column":23}},"type":"cond-expr","locations":[{"start":{"line":220,"column":14},"end":{"line":220,"column":25}},{"start":{"line":221,"column":14},"end":{"line":221,"column":23}}],"line":219}},"s":{"0":2,"1":3,"2":3,"3":3,"4":3,"5":2,"6":2,"7":2,"8":2,"9":3,"10":3,"11":3,"12":3,"13":4,"14":4,"15":4,"16":4,"17":4,"18":12,"19":12,"20":1,"21":11,"22":1,"23":10,"24":1,"25":9,"26":1,"27":8,"28":2,"29":6,"30":1,"31":5,"32":1,"33":4,"34":1,"35":3,"36":1,"37":1,"38":0,"39":0,"40":0,"41":2},"f":{"0":3,"1":2,"2":3,"3":4,"4":12,"5":1},"b":{"0":[1],"1":[1],"2":[2],"3":[1],"4":[1,11],"5":[1,10],"6":[11,10],"7":[1,9],"8":[10,9],"9":[1,8],"10":[9,8],"11":[2,6],"12":[8,7],"13":[1,5],"14":[1,4],"15":[1,3],"16":[1,2],"17":[0],"18":[1,0],"19":[0,0],"20":[0,0]},"_coverageSchema":"1a1c01bbd47fc00a2c39e90264f33305004495a9","hash":"926999ab7f15ba74ab82ba5ab259e42406224101"}
,"/Users/ethan/Desktop/Github/Gauntlet/MessageAI/functions/utils/langchainUtils.js": {"path":"/Users/ethan/Desktop/Github/Gauntlet/MessageAI/functions/utils/langchainUtils.js","statementMap":{"0":{"start":{"line":13,"column":21},"end":{"line":13,"column":49}},"1":{"start":{"line":14,"column":25},"end":{"line":14,"column":59}},"2":{"start":{"line":15,"column":19},"end":{"line":15,"column":46}},"3":{"start":{"line":16,"column":33},"end":{"line":16,"column":68}},"4":{"start":{"line":17,"column":52},"end":{"line":17,"column":72}},"5":{"start":{"line":39,"column":2},"end":{"line":45,"column":3}},"6":{"start":{"line":40,"column":4},"end":{"line":44,"column":6}},"7":{"start":{"line":52,"column":6},"end":{"line":52,"column":13}},"8":{"start":{"line":54,"column":2},"end":{"line":103,"column":3}},"9":{"start":{"line":56,"column":19},"end":{"line":56,"column":45}},"10":{"start":{"line":57,"column":4},"end":{"line":63,"column":5}},"11":{"start":{"line":58,"column":6},"end":{"line":62,"column":8}},"12":{"start":{"line":66,"column":16},"end":{"line":73,"column":6}},"13":{"start":{"line":76,"column":19},"end":{"line":76,"column":62}},"14":{"start":{"line":79,"column":18},"end":{"line":82,"column":6}},"15":{"start":{"line":85,"column":4},"end":{"line":91,"column":5}},"16":{"start":{"line":86,"column":6},"end":{"line":90,"column":9}},"17":{"start":{"line":93,"column":4},"end":{"line":93,"column":17}},"18":{"start":{"line":95,"column":4},"end":{"line":97,"column":5}},"19":{"start":{"line":96,"column":6},"end":{"line":96,"column":18}},"20":{"start":{"line":98,"column":4},"end":{"line":102,"column":6}},"21":{"start":{"line":123,"column":2},"end":{"line":129,"column":3}},"22":{"start":{"line":124,"column":4},"end":{"line":128,"column":6}},"23":{"start":{"line":131,"column":2},"end":{"line":137,"column":3}},"24":{"start":{"line":132,"column":4},"end":{"line":136,"column":6}},"25":{"start":{"line":144,"column":6},"end":{"line":144,"column":13}},"26":{"start":{"line":146,"column":2},"end":{"line":215,"column":3}},"27":{"start":{"line":147,"column":19},"end":{"line":147,"column":45}},"28":{"start":{"line":148,"column":4},"end":{"line":154,"column":5}},"29":{"start":{"line":149,"column":6},"end":{"line":153,"column":8}},"30":{"start":{"line":157,"column":16},"end":{"line":164,"column":6}},"31":{"start":{"line":167,"column":19},"end":{"line":167,"column":74}},"32":{"start":{"line":170,"column":31},"end":{"line":170,"column":61}},"33":{"start":{"line":171,"column":23},"end":{"line":173,"column":5}},"34":{"start":{"line":176,"column":18},"end":{"line":180,"column":6}},"35":{"start":{"line":183,"column":27},"end":{"line":183,"column":51}},"36":{"start":{"line":184,"column":4},"end":{"line":203,"column":6}},"37":{"start":{"line":185,"column":6},"end":{"line":202,"column":7}},"38":{"start":{"line":187,"column":23},"end":{"line":190,"column":10}},"39":{"start":{"line":191,"column":8},"end":{"line":191,"column":22}},"40":{"start":{"line":193,"column":8},"end":{"line":200,"column":9}},"41":{"start":{"line":195,"column":10},"end":{"line":199,"column":12}},"42":{"start":{"line":201,"column":8},"end":{"line":201,"column":20}},"43":{"start":{"line":205,"column":4},"end":{"line":205,"column":17}},"44":{"start":{"line":207,"column":4},"end":{"line":209,"column":5}},"45":{"start":{"line":208,"column":6},"end":{"line":208,"column":18}},"46":{"start":{"line":210,"column":4},"end":{"line":214,"column":6}},"47":{"start":{"line":236,"column":49},"end":{"line":236,"column":56}},"48":{"start":{"line":238,"column":2},"end":{"line":247,"column":3}},"49":{"start":{"line":239,"column":4},"end":{"line":245,"column":5}},"50":{"start":{"line":240,"column":6},"end":{"line":244,"column":8}},"51":{"start":{"line":246,"column":4},"end":{"line":246,"column":20}},"52":{"start":{"line":249,"column":2},"end":{"line":273,"column":3}},"53":{"start":{"line":251,"column":18},"end":{"line":251,"column":29}},"54":{"start":{"line":254,"column":4},"end":{"line":258,"column":5}},"55":{"start":{"line":255,"column":6},"end":{"line":255,"column":74}},"56":{"start":{"line":256,"column":11},"end":{"line":258,"column":5}},"57":{"start":{"line":257,"column":6},"end":{"line":257,"column":70}},"58":{"start":{"line":261,"column":19},"end":{"line":261,"column":38}},"59":{"start":{"line":263,"column":4},"end":{"line":263,"column":18}},"60":{"start":{"line":265,"column":4},"end":{"line":271,"column":5}},"61":{"start":{"line":266,"column":6},"end":{"line":270,"column":8}},"62":{"start":{"line":272,"column":4},"end":{"line":272,"column":20}},"63":{"start":{"line":293,"column":45},"end":{"line":293,"column":52}},"64":{"start":{"line":297,"column":2},"end":{"line":321,"column":3}},"65":{"start":{"line":297,"column":21},"end":{"line":297,"column":22}},"66":{"start":{"line":298,"column":4},"end":{"line":320,"column":5}},"67":{"start":{"line":299,"column":21},"end":{"line":299,"column":46}},"68":{"start":{"line":300,"column":6},"end":{"line":300,"column":20}},"69":{"start":{"line":302,"column":6},"end":{"line":302,"column":24}},"70":{"start":{"line":305,"column":6},"end":{"line":308,"column":7}},"71":{"start":{"line":307,"column":8},"end":{"line":307,"column":20}},"72":{"start":{"line":311,"column":6},"end":{"line":319,"column":7}},"73":{"start":{"line":312,"column":22},"end":{"line":312,"column":54}},"74":{"start":{"line":313,"column":8},"end":{"line":317,"column":10}},"75":{"start":{"line":318,"column":8},"end":{"line":318,"column":27}},"76":{"start":{"line":324,"column":2},"end":{"line":328,"column":4}},"77":{"start":{"line":338,"column":2},"end":{"line":338,"column":34}},"78":{"start":{"line":342,"column":0},"end":{"line":348,"column":2}}},"fnMap":{"0":{"name":"createSimpleChain","decl":{"start":{"line":38,"column":9},"end":{"line":38,"column":26}},"loc":{"start":{"line":38,"column":57},"end":{"line":104,"column":1}},"line":38},"1":{"name":"createStructuredOutputChain","decl":{"start":{"line":122,"column":9},"end":{"line":122,"column":36}},"loc":{"start":{"line":122,"column":75},"end":{"line":216,"column":1}},"line":122},"2":{"name":"(anonymous_2)","decl":{"start":{"line":184,"column":19},"end":{"line":184,"column":20}},"loc":{"start":{"line":184,"column":36},"end":{"line":203,"column":5}},"line":184},"3":{"name":"parseJSONResponse","decl":{"start":{"line":235,"column":9},"end":{"line":235,"column":26}},"loc":{"start":{"line":235,"column":47},"end":{"line":274,"column":1}},"line":235},"4":{"name":"invokeWithRetry","decl":{"start":{"line":292,"column":15},"end":{"line":292,"column":30}},"loc":{"start":{"line":292,"column":59},"end":{"line":329,"column":1}},"line":292},"5":{"name":"tokenCount","decl":{"start":{"line":337,"column":9},"end":{"line":337,"column":19}},"loc":{"start":{"line":337,"column":26},"end":{"line":339,"column":1}},"line":337}},"branchMap":{"0":{"loc":{"start":{"line":38,"column":43},"end":{"line":38,"column":55}},"type":"default-arg","locations":[{"start":{"line":38,"column":53},"end":{"line":38,"column":55}}],"line":38},"1":{"loc":{"start":{"line":39,"column":2},"end":{"line":45,"column":3}},"type":"if","locations":[{"start":{"line":39,"column":2},"end":{"line":45,"column":3}},{"start":{},"end":{}}],"line":39},"2":{"loc":{"start":{"line":39,"column":6},"end":{"line":39,"column":59}},"type":"binary-expr","locations":[{"start":{"line":39,"column":6},"end":{"line":39,"column":21}},{"start":{"line":39,"column":25},"end":{"line":39,"column":59}}],"line":39},"3":{"loc":{"start":{"line":48,"column":4},"end":{"line":48,"column":25}},"type":"default-arg","locations":[{"start":{"line":48,"column":12},"end":{"line":48,"column":25}}],"line":48},"4":{"loc":{"start":{"line":49,"column":4},"end":{"line":49,"column":21}},"type":"default-arg","locations":[{"start":{"line":49,"column":18},"end":{"line":49,"column":21}}],"line":49},"5":{"loc":{"start":{"line":50,"column":4},"end":{"line":50,"column":20}},"type":"default-arg","locations":[{"start":{"line":50,"column":16},"end":{"line":50,"column":20}}],"line":50},"6":{"loc":{"start":{"line":51,"column":4},"end":{"line":51,"column":15}},"type":"default-arg","locations":[{"start":{"line":51,"column":14},"end":{"line":51,"column":15}}],"line":51},"7":{"loc":{"start":{"line":57,"column":4},"end":{"line":63,"column":5}},"type":"if","locations":[{"start":{"line":57,"column":4},"end":{"line":63,"column":5}},{"start":{},"end":{}}],"line":57},"8":{"loc":{"start":{"line":85,"column":4},"end":{"line":91,"column":5}},"type":"if","locations":[{"start":{"line":85,"column":4},"end":{"line":91,"column":5}},{"start":{},"end":{}}],"line":85},"9":{"loc":{"start":{"line":95,"column":4},"end":{"line":97,"column":5}},"type":"if","locations":[{"start":{"line":95,"column":4},"end":{"line":97,"column":5}},{"start":{},"end":{}}],"line":95},"10":{"loc":{"start":{"line":122,"column":61},"end":{"line":122,"column":73}},"type":"default-arg","locations":[{"start":{"line":122,"column":71},"end":{"line":122,"column":73}}],"line":122},"11":{"loc":{"start":{"line":123,"column":2},"end":{"line":129,"column":3}},"type":"if","locations":[{"start":{"line":123,"column":2},"end":{"line":129,"column":3}},{"start":{},"end":{}}],"line":123},"12":{"loc":{"start":{"line":123,"column":6},"end":{"line":123,"column":43}},"type":"binary-expr","locations":[{"start":{"line":123,"column":6},"end":{"line":123,"column":13}},{"start":{"line":123,"column":17},"end":{"line":123,"column":43}}],"line":123},"13":{"loc":{"start":{"line":131,"column":2},"end":{"line":137,"column":3}},"type":"if","locations":[{"start":{"line":131,"column":2},"end":{"line":137,"column":3}},{"start":{},"end":{}}],"line":131},"14":{"loc":{"start":{"line":131,"column":6},"end":{"line":131,"column":59}},"type":"binary-expr","locations":[{"start":{"line":131,"column":6},"end":{"line":131,"column":21}},{"start":{"line":131,"column":25},"end":{"line":131,"column":59}}],"line":131},"15":{"loc":{"start":{"line":140,"column":4},"end":{"line":140,"column":25}},"type":"default-arg","locations":[{"start":{"line":140,"column":12},"end":{"line":140,"column":25}}],"line":140},"16":{"loc":{"start":{"line":141,"column":4},"end":{"line":141,"column":21}},"type":"default-arg","locations":[{"start":{"line":141,"column":18},"end":{"line":141,"column":21}}],"line":141},"17":{"loc":{"start":{"line":142,"column":4},"end":{"line":142,"column":20}},"type":"default-arg","locations":[{"start":{"line":142,"column":16},"end":{"line":142,"column":20}}],"line":142},"18":{"loc":{"start":{"line":143,"column":4},"end":{"line":143,"column":15}},"type":"default-arg","locations":[{"start":{"line":143,"column":14},"end":{"line":143,"column":15}}],"line":143},"19":{"loc":{"start":{"line":148,"column":4},"end":{"line":154,"column":5}},"type":"if","locations":[{"start":{"line":148,"column":4},"end":{"line":154,"column":5}},{"start":{},"end":{}}],"line":148},"20":{"loc":{"start":{"line":193,"column":8},"end":{"line":200,"column":9}},"type":"if","locations":[{"start":{"line":193,"column":8},"end":{"line":200,"column":9}},{"start":{},"end":{}}],"line":193},"21":{"loc":{"start":{"line":193,"column":12},"end":{"line":194,"column":43}},"type":"binary-expr","locations":[{"start":{"line":193,"column":12},"end":{"line":193,"column":44}},{"start":{"line":194,"column":12},"end":{"line":194,"column":43}}],"line":193},"22":{"loc":{"start":{"line":207,"column":4},"end":{"line":209,"column":5}},"type":"if","locations":[{"start":{"line":207,"column":4},"end":{"line":209,"column":5}},{"start":{},"end":{}}],"line":207},"23":{"loc":{"start":{"line":235,"column":33},"end":{"line":235,"column":45}},"type":"default-arg","locations":[{"start":{"line":235,"column":43},"end":{"line":235,"column":45}}],"line":235},"24":{"loc":{"start":{"line":236,"column":9},"end":{"line":236,"column":24}},"type":"default-arg","locations":[{"start":{"line":236,"column":20},"end":{"line":236,"column":24}}],"line":236},"25":{"loc":{"start":{"line":236,"column":26},"end":{"line":236,"column":45}},"type":"default-arg","locations":[{"start":{"line":236,"column":41},"end":{"line":236,"column":45}}],"line":236},"26":{"loc":{"start":{"line":238,"column":2},"end":{"line":247,"column":3}},"type":"if","locations":[{"start":{"line":238,"column":2},"end":{"line":247,"column":3}},{"start":{},"end":{}}],"line":238},"27":{"loc":{"start":{"line":238,"column":6},"end":{"line":238,"column":39}},"type":"binary-expr","locations":[{"start":{"line":238,"column":6},"end":{"line":238,"column":11}},{"start":{"line":238,"column":15},"end":{"line":238,"column":39}}],"line":238},"28":{"loc":{"start":{"line":239,"column":4},"end":{"line":245,"column":5}},"type":"if","locations":[{"start":{"line":239,"column":4},"end":{"line":245,"column":5}},{"start":{},"end":{}}],"line":239},"29":{"loc":{"start":{"line":254,"column":4},"end":{"line":258,"column":5}},"type":"if","locations":[{"start":{"line":254,"column":4},"end":{"line":258,"column":5}},{"start":{"line":256,"column":11},"end":{"line":258,"column":5}}],"line":254},"30":{"loc":{"start":{"line":256,"column":11},"end":{"line":258,"column":5}},"type":"if","locations":[{"start":{"line":256,"column":11},"end":{"line":258,"column":5}},{"start":{},"end":{}}],"line":256},"31":{"loc":{"start":{"line":265,"column":4},"end":{"line":271,"column":5}},"type":"if","locations":[{"start":{"line":265,"column":4},"end":{"line":271,"column":5}},{"start":{},"end":{}}],"line":265},"32":{"loc":{"start":{"line":292,"column":45},"end":{"line":292,"column":57}},"type":"default-arg","locations":[{"start":{"line":292,"column":55},"end":{"line":292,"column":57}}],"line":292},"33":{"loc":{"start":{"line":293,"column":9},"end":{"line":293,"column":23}},"type":"default-arg","locations":[{"start":{"line":293,"column":22},"end":{"line":293,"column":23}}],"line":293},"34":{"loc":{"start":{"line":293,"column":25},"end":{"line":293,"column":41}},"type":"default-arg","locations":[{"start":{"line":293,"column":37},"end":{"line":293,"column":41}}],"line":293},"35":{"loc":{"start":{"line":305,"column":6},"end":{"line":308,"column":7}},"type":"if","locations":[{"start":{"line":305,"column":6},"end":{"line":308,"column":7}},{"start":{},"end":{}}],"line":305},"36":{"loc":{"start":{"line":305,"column":10},"end":{"line":306,"column":32}},"type":"binary-expr","locations":[{"start":{"line":305,"column":10},"end":{"line":305,"column":26}},{"start":{"line":305,"column":30},"end":{"line":305,"column":53}},{"start":{"line":306,"column":10},"end":{"line":306,"column":32}}],"line":305},"37":{"loc":{"start":{"line":311,"column":6},"end":{"line":319,"column":7}},"type":"if","locations":[{"start":{"line":311,"column":6},"end":{"line":319,"column":7}},{"start":{},"end":{}}],"line":311}},"s":{"0":1,"1":1,"2":1,"3":1,"4":1,"5":6,"6":3,"7":3,"8":3,"9":3,"10":3,"11":1,"12":2,"13":2,"14":2,"15":2,"16":0,"17":2,"18":1,"19":1,"20":0,"21":5,"22":2,"23":3,"24":2,"25":1,"26":1,"27":1,"28":1,"29":0,"30":1,"31":1,"32":1,"33":1,"34":1,"35":1,"36":1,"37":0,"38":0,"39":0,"40":0,"41":0,"42":0,"43":1,"44":0,"45":0,"46":0,"47":10,"48":10,"49":3,"50":3,"51":0,"52":7,"53":7,"54":7,"55":1,"56":6,"57":1,"58":7,"59":4,"60":3,"61":1,"62":2,"63":4,"64":4,"65":4,"66":7,"67":7,"68":2,"69":5,"70":5,"71":1,"72":4,"73":3,"74":3,"75":3,"76":1,"77":3,"78":1},"f":{"0":6,"1":5,"2":0,"3":10,"4":4,"5":3},"b":{"0":[5],"1":[3,3],"2":[6,4],"3":[2],"4":[2],"5":[2],"6":[3],"7":[1,2],"8":[0,2],"9":[1,0],"10":[5],"11":[2,3],"12":[5,4],"13":[2,1],"14":[3,1],"15":[1],"16":[1],"17":[1],"18":[1],"19":[0,1],"20":[0,0],"21":[0,0],"22":[0,0],"23":[8],"24":[9],"25":[8],"26":[3,7],"27":[10,8],"28":[3,0],"29":[1,6],"30":[1,5],"31":[1,2],"32":[2],"33":[2],"34":[2],"35":[1,4],"36":[5,1,1],"37":[3,1]},"_coverageSchema":"1a1c01bbd47fc00a2c39e90264f33305004495a9","hash":"6c0c29e831081fdd4c9c4397a951d467921af649"}
,"/Users/ethan/Desktop/Github/Gauntlet/MessageAI/functions/utils/rateLimiter.js": {"path":"/Users/ethan/Desktop/Github/Gauntlet/MessageAI/functions/utils/rateLimiter.js","statementMap":{"0":{"start":{"line":15,"column":14},"end":{"line":15,"column":39}},"1":{"start":{"line":16,"column":25},"end":{"line":16,"column":44}},"2":{"start":{"line":21,"column":23},"end":{"line":28,"column":1}},"3":{"start":{"line":45,"column":2},"end":{"line":47,"column":3}},"4":{"start":{"line":46,"column":4},"end":{"line":46,"column":57}},"5":{"start":{"line":49,"column":2},"end":{"line":51,"column":3}},"6":{"start":{"line":50,"column":4},"end":{"line":50,"column":60}},"7":{"start":{"line":54,"column":18},"end":{"line":54,"column":48}},"8":{"start":{"line":55,"column":2},"end":{"line":57,"column":3}},"9":{"start":{"line":56,"column":4},"end":{"line":56,"column":16}},"10":{"start":{"line":59,"column":21},"end":{"line":61,"column":26}},"11":{"start":{"line":63,"column":2},"end":{"line":106,"column":3}},"12":{"start":{"line":64,"column":19},"end":{"line":68,"column":23}},"13":{"start":{"line":70,"column":16},"end":{"line":70,"column":34}},"14":{"start":{"line":72,"column":4},"end":{"line":74,"column":5}},"15":{"start":{"line":73,"column":6},"end":{"line":73,"column":18}},"16":{"start":{"line":76,"column":17},"end":{"line":76,"column":27}},"17":{"start":{"line":77,"column":29},"end":{"line":77,"column":33}},"18":{"start":{"line":80,"column":16},"end":{"line":80,"column":26}},"19":{"start":{"line":81,"column":22},"end":{"line":81,"column":46}},"20":{"start":{"line":83,"column":4},"end":{"line":86,"column":5}},"21":{"start":{"line":85,"column":6},"end":{"line":85,"column":18}},"22":{"start":{"line":89,"column":4},"end":{"line":96,"column":5}},"23":{"start":{"line":90,"column":32},"end":{"line":90,"column":67}},"24":{"start":{"line":91,"column":6},"end":{"line":95,"column":8}},"25":{"start":{"line":98,"column":4},"end":{"line":98,"column":16}},"26":{"start":{"line":100,"column":4},"end":{"line":102,"column":5}},"27":{"start":{"line":101,"column":6},"end":{"line":101,"column":18}},"28":{"start":{"line":104,"column":4},"end":{"line":104,"column":62}},"29":{"start":{"line":105,"column":4},"end":{"line":105,"column":16}},"30":{"start":{"line":120,"column":2},"end":{"line":122,"column":3}},"31":{"start":{"line":121,"column":4},"end":{"line":121,"column":11}},"32":{"start":{"line":124,"column":2},"end":{"line":126,"column":3}},"33":{"start":{"line":125,"column":4},"end":{"line":125,"column":11}},"34":{"start":{"line":129,"column":18},"end":{"line":129,"column":48}},"35":{"start":{"line":130,"column":2},"end":{"line":132,"column":3}},"36":{"start":{"line":131,"column":4},"end":{"line":131,"column":11}},"37":{"start":{"line":134,"column":2},"end":{"line":176,"column":3}},"38":{"start":{"line":135,"column":19},"end":{"line":139,"column":23}},"39":{"start":{"line":141,"column":4},"end":{"line":172,"column":7}},"40":{"start":{"line":142,"column":18},"end":{"line":142,"column":47}},"41":{"start":{"line":143,"column":18},"end":{"line":143,"column":28}},"42":{"start":{"line":144,"column":29},"end":{"line":144,"column":51}},"43":{"start":{"line":146,"column":6},"end":{"line":171,"column":7}},"44":{"start":{"line":148,"column":8},"end":{"line":152,"column":11}},"45":{"start":{"line":154,"column":21},"end":{"line":154,"column":31}},"46":{"start":{"line":155,"column":26},"end":{"line":155,"column":55}},"47":{"start":{"line":157,"column":8},"end":{"line":170,"column":9}},"48":{"start":{"line":159,"column":10},"end":{"line":163,"column":13}},"49":{"start":{"line":166,"column":10},"end":{"line":169,"column":13}},"50":{"start":{"line":175,"column":4},"end":{"line":175,"column":60}},"51":{"start":{"line":195,"column":2},"end":{"line":197,"column":3}},"52":{"start":{"line":196,"column":4},"end":{"line":196,"column":57}},"53":{"start":{"line":199,"column":2},"end":{"line":201,"column":3}},"54":{"start":{"line":200,"column":4},"end":{"line":200,"column":60}},"55":{"start":{"line":203,"column":16},"end":{"line":203,"column":67}},"56":{"start":{"line":205,"column":2},"end":{"line":251,"column":3}},"57":{"start":{"line":206,"column":19},"end":{"line":210,"column":23}},"58":{"start":{"line":212,"column":16},"end":{"line":212,"column":34}},"59":{"start":{"line":214,"column":4},"end":{"line":221,"column":5}},"60":{"start":{"line":215,"column":6},"end":{"line":220,"column":8}},"61":{"start":{"line":223,"column":17},"end":{"line":223,"column":27}},"62":{"start":{"line":224,"column":33},"end":{"line":224,"column":37}},"63":{"start":{"line":225,"column":22},"end":{"line":225,"column":55}},"64":{"start":{"line":228,"column":4},"end":{"line":235,"column":5}},"65":{"start":{"line":229,"column":6},"end":{"line":234,"column":8}},"66":{"start":{"line":237,"column":4},"end":{"line":242,"column":6}},"67":{"start":{"line":244,"column":4},"end":{"line":244,"column":62}},"68":{"start":{"line":245,"column":4},"end":{"line":250,"column":6}},"69":{"start":{"line":266,"column":2},"end":{"line":268,"column":3}},"70":{"start":{"line":267,"column":4},"end":{"line":267,"column":57}},"71":{"start":{"line":270,"column":2},"end":{"line":304,"column":3}},"72":{"start":{"line":271,"column":4},"end":{"line":300,"column":5}},"73":{"start":{"line":273,"column":21},"end":{"line":277,"column":25}},"74":{"start":{"line":279,"column":6},"end":{"line":279,"column":28}},"75":{"start":{"line":280,"column":6},"end":{"line":280,"column":15}},"76":{"start":{"line":283,"column":23},"end":{"line":287,"column":16}},"77":{"start":{"line":289,"column":6},"end":{"line":291,"column":7}},"78":{"start":{"line":290,"column":8},"end":{"line":290,"column":17}},"79":{"start":{"line":293,"column":20},"end":{"line":293,"column":45}},"80":{"start":{"line":294,"column":6},"end":{"line":296,"column":9}},"81":{"start":{"line":295,"column":8},"end":{"line":295,"column":30}},"82":{"start":{"line":297,"column":6},"end":{"line":297,"column":27}},"83":{"start":{"line":299,"column":6},"end":{"line":299,"column":27}},"84":{"start":{"line":302,"column":4},"end":{"line":302,"column":57}},"85":{"start":{"line":303,"column":4},"end":{"line":303,"column":16}},"86":{"start":{"line":314,"column":2},"end":{"line":320,"column":3}},"87":{"start":{"line":315,"column":23},"end":{"line":315,"column":57}},"88":{"start":{"line":316,"column":4},"end":{"line":316,"column":53}},"89":{"start":{"line":319,"column":4},"end":{"line":319,"column":17}},"90":{"start":{"line":324,"column":0},"end":{"line":330,"column":2}}},"fnMap":{"0":{"name":"checkRateLimit","decl":{"start":{"line":44,"column":15},"end":{"line":44,"column":29}},"loc":{"start":{"line":44,"column":63},"end":{"line":107,"column":1}},"line":44},"1":{"name":"incrementRateLimit","decl":{"start":{"line":119,"column":15},"end":{"line":119,"column":33}},"loc":{"start":{"line":119,"column":53},"end":{"line":177,"column":1}},"line":119},"2":{"name":"(anonymous_2)","decl":{"start":{"line":141,"column":43},"end":{"line":141,"column":44}},"loc":{"start":{"line":141,"column":66},"end":{"line":172,"column":5}},"line":141},"3":{"name":"getRateLimitStatus","decl":{"start":{"line":194,"column":15},"end":{"line":194,"column":33}},"loc":{"start":{"line":194,"column":53},"end":{"line":252,"column":1}},"line":194},"4":{"name":"resetRateLimit","decl":{"start":{"line":265,"column":15},"end":{"line":265,"column":29}},"loc":{"start":{"line":265,"column":49},"end":{"line":305,"column":1}},"line":265},"5":{"name":"(anonymous_5)","decl":{"start":{"line":294,"column":28},"end":{"line":294,"column":29}},"loc":{"start":{"line":294,"column":37},"end":{"line":296,"column":7}},"line":294},"6":{"name":"checkAdminBypass","decl":{"start":{"line":313,"column":15},"end":{"line":313,"column":31}},"loc":{"start":{"line":313,"column":40},"end":{"line":321,"column":1}},"line":313}},"branchMap":{"0":{"loc":{"start":{"line":44,"column":49},"end":{"line":44,"column":61}},"type":"default-arg","locations":[{"start":{"line":44,"column":59},"end":{"line":44,"column":61}}],"line":44},"1":{"loc":{"start":{"line":45,"column":2},"end":{"line":47,"column":3}},"type":"if","locations":[{"start":{"line":45,"column":2},"end":{"line":47,"column":3}},{"start":{},"end":{}}],"line":45},"2":{"loc":{"start":{"line":45,"column":6},"end":{"line":45,"column":43}},"type":"binary-expr","locations":[{"start":{"line":45,"column":6},"end":{"line":45,"column":13}},{"start":{"line":45,"column":17},"end":{"line":45,"column":43}}],"line":45},"3":{"loc":{"start":{"line":49,"column":2},"end":{"line":51,"column":3}},"type":"if","locations":[{"start":{"line":49,"column":2},"end":{"line":51,"column":3}},{"start":{},"end":{}}],"line":49},"4":{"loc":{"start":{"line":49,"column":6},"end":{"line":49,"column":49}},"type":"binary-expr","locations":[{"start":{"line":49,"column":6},"end":{"line":49,"column":16}},{"start":{"line":49,"column":20},"end":{"line":49,"column":49}}],"line":49},"5":{"loc":{"start":{"line":55,"column":2},"end":{"line":57,"column":3}},"type":"if","locations":[{"start":{"line":55,"column":2},"end":{"line":57,"column":3}},{"start":{},"end":{}}],"line":55},"6":{"loc":{"start":{"line":59,"column":21},"end":{"line":61,"column":26}},"type":"binary-expr","locations":[{"start":{"line":59,"column":21},"end":{"line":59,"column":39}},{"start":{"line":60,"column":4},"end":{"line":60,"column":29}},{"start":{"line":61,"column":4},"end":{"line":61,"column":26}}],"line":59},"7":{"loc":{"start":{"line":72,"column":4},"end":{"line":74,"column":5}},"type":"if","locations":[{"start":{"line":72,"column":4},"end":{"line":74,"column":5}},{"start":{},"end":{}}],"line":72},"8":{"loc":{"start":{"line":81,"column":22},"end":{"line":81,"column":46}},"type":"binary-expr","locations":[{"start":{"line":81,"column":22},"end":{"line":81,"column":41}},{"start":{"line":81,"column":45},"end":{"line":81,"column":46}}],"line":81},"9":{"loc":{"start":{"line":83,"column":4},"end":{"line":86,"column":5}},"type":"if","locations":[{"start":{"line":83,"column":4},"end":{"line":86,"column":5}},{"start":{},"end":{}}],"line":83},"10":{"loc":{"start":{"line":89,"column":4},"end":{"line":96,"column":5}},"type":"if","locations":[{"start":{"line":89,"column":4},"end":{"line":96,"column":5}},{"start":{},"end":{}}],"line":89},"11":{"loc":{"start":{"line":100,"column":4},"end":{"line":102,"column":5}},"type":"if","locations":[{"start":{"line":100,"column":4},"end":{"line":102,"column":5}},{"start":{},"end":{}}],"line":100},"12":{"loc":{"start":{"line":120,"column":2},"end":{"line":122,"column":3}},"type":"if","locations":[{"start":{"line":120,"column":2},"end":{"line":122,"column":3}},{"start":{},"end":{}}],"line":120},"13":{"loc":{"start":{"line":120,"column":6},"end":{"line":120,"column":43}},"type":"binary-expr","locations":[{"start":{"line":120,"column":6},"end":{"line":120,"column":13}},{"start":{"line":120,"column":17},"end":{"line":120,"column":43}}],"line":120},"14":{"loc":{"start":{"line":124,"column":2},"end":{"line":126,"column":3}},"type":"if","locations":[{"start":{"line":124,"column":2},"end":{"line":126,"column":3}},{"start":{},"end":{}}],"line":124},"15":{"loc":{"start":{"line":124,"column":6},"end":{"line":124,"column":49}},"type":"binary-expr","locations":[{"start":{"line":124,"column":6},"end":{"line":124,"column":16}},{"start":{"line":124,"column":20},"end":{"line":124,"column":49}}],"line":124},"16":{"loc":{"start":{"line":130,"column":2},"end":{"line":132,"column":3}},"type":"if","locations":[{"start":{"line":130,"column":2},"end":{"line":132,"column":3}},{"start":{},"end":{}}],"line":130},"17":{"loc":{"start":{"line":146,"column":6},"end":{"line":171,"column":7}},"type":"if","locations":[{"start":{"line":146,"column":6},"end":{"line":171,"column":7}},{"start":{"line":153,"column":13},"end":{"line":171,"column":7}}],"line":146},"18":{"loc":{"start":{"line":155,"column":26},"end":{"line":155,"column":55}},"type":"binary-expr","locations":[{"start":{"line":155,"column":26},"end":{"line":155,"column":50}},{"start":{"line":155,"column":54},"end":{"line":155,"column":55}}],"line":155},"19":{"loc":{"start":{"line":157,"column":8},"end":{"line":170,"column":9}},"type":"if","locations":[{"start":{"line":157,"column":8},"end":{"line":170,"column":9}},{"start":{"line":164,"column":15},"end":{"line":170,"column":9}}],"line":157},"20":{"loc":{"start":{"line":195,"column":2},"end":{"line":197,"column":3}},"type":"if","locations":[{"start":{"line":195,"column":2},"end":{"line":197,"column":3}},{"start":{},"end":{}}],"line":195},"21":{"loc":{"start":{"line":195,"column":6},"end":{"line":195,"column":43}},"type":"binary-expr","locations":[{"start":{"line":195,"column":6},"end":{"line":195,"column":13}},{"start":{"line":195,"column":17},"end":{"line":195,"column":43}}],"line":195},"22":{"loc":{"start":{"line":199,"column":2},"end":{"line":201,"column":3}},"type":"if","locations":[{"start":{"line":199,"column":2},"end":{"line":201,"column":3}},{"start":{},"end":{}}],"line":199},"23":{"loc":{"start":{"line":199,"column":6},"end":{"line":199,"column":49}},"type":"binary-expr","locations":[{"start":{"line":199,"column":6},"end":{"line":199,"column":16}},{"start":{"line":199,"column":20},"end":{"line":199,"column":49}}],"line":199},"24":{"loc":{"start":{"line":203,"column":16},"end":{"line":203,"column":67}},"type":"binary-expr","locations":[{"start":{"line":203,"column":16},"end":{"line":203,"column":41}},{"start":{"line":203,"column":45},"end":{"line":203,"column":67}}],"line":203},"25":{"loc":{"start":{"line":214,"column":4},"end":{"line":221,"column":5}},"type":"if","locations":[{"start":{"line":214,"column":4},"end":{"line":221,"column":5}},{"start":{},"end":{}}],"line":214},"26":{"loc":{"start":{"line":224,"column":11},"end":{"line":224,"column":20}},"type":"default-arg","locations":[{"start":{"line":224,"column":19},"end":{"line":224,"column":20}}],"line":224},"27":{"loc":{"start":{"line":225,"column":22},"end":{"line":225,"column":55}},"type":"binary-expr","locations":[{"start":{"line":225,"column":22},"end":{"line":225,"column":41}},{"start":{"line":225,"column":45},"end":{"line":225,"column":55}}],"line":225},"28":{"loc":{"start":{"line":228,"column":4},"end":{"line":235,"column":5}},"type":"if","locations":[{"start":{"line":228,"column":4},"end":{"line":235,"column":5}},{"start":{},"end":{}}],"line":228},"29":{"loc":{"start":{"line":266,"column":2},"end":{"line":268,"column":3}},"type":"if","locations":[{"start":{"line":266,"column":2},"end":{"line":268,"column":3}},{"start":{},"end":{}}],"line":266},"30":{"loc":{"start":{"line":266,"column":6},"end":{"line":266,"column":43}},"type":"binary-expr","locations":[{"start":{"line":266,"column":6},"end":{"line":266,"column":13}},{"start":{"line":266,"column":17},"end":{"line":266,"column":43}}],"line":266},"31":{"loc":{"start":{"line":271,"column":4},"end":{"line":300,"column":5}},"type":"if","locations":[{"start":{"line":271,"column":4},"end":{"line":300,"column":5}},{"start":{"line":281,"column":11},"end":{"line":300,"column":5}}],"line":271},"32":{"loc":{"start":{"line":289,"column":6},"end":{"line":291,"column":7}},"type":"if","locations":[{"start":{"line":289,"column":6},"end":{"line":291,"column":7}},{"start":{},"end":{}}],"line":289}},"s":{"0":1,"1":1,"2":1,"3":11,"4":2,"5":9,"6":2,"7":7,"8":7,"9":1,"10":6,"11":6,"12":6,"13":6,"14":5,"15":2,"16":3,"17":3,"18":3,"19":3,"20":3,"21":1,"22":2,"23":1,"24":1,"25":1,"26":2,"27":1,"28":1,"29":1,"30":4,"31":1,"32":3,"33":1,"34":2,"35":2,"36":1,"37":1,"38":1,"39":1,"40":0,"41":0,"42":0,"43":0,"44":0,"45":0,"46":0,"47":0,"48":0,"49":0,"50":1,"51":9,"52":2,"53":7,"54":2,"55":5,"56":5,"57":5,"58":5,"59":4,"60":3,"61":1,"62":1,"63":1,"64":1,"65":1,"66":0,"67":1,"68":1,"69":3,"70":2,"71":1,"72":1,"73":1,"74":1,"75":1,"76":0,"77":0,"78":0,"79":0,"80":0,"81":0,"82":0,"83":0,"84":0,"85":0,"86":9,"87":9,"88":9,"89":0,"90":1},"f":{"0":11,"1":4,"2":0,"3":9,"4":3,"5":0,"6":9},"b":{"0":[10],"1":[2,9],"2":[11,9],"3":[2,7],"4":[9,7],"5":[1,6],"6":[6,5,5],"7":[2,3],"8":[3,0],"9":[1,2],"10":[1,1],"11":[1,1],"12":[1,3],"13":[4,3],"14":[1,2],"15":[3,2],"16":[1,1],"17":[0,0],"18":[0,0],"19":[0,0],"20":[2,7],"21":[9,7],"22":[2,5],"23":[7,5],"24":[5,0],"25":[3,1],"26":[0],"27":[1,0],"28":[1,0],"29":[2,1],"30":[3,1],"31":[1,0],"32":[0,0]},"_coverageSchema":"1a1c01bbd47fc00a2c39e90264f33305004495a9","hash":"412921cc33b95ea37f4d7541d36d973da6907452"}
}
