TN:
SF:utils/aiUtils.js
FN:26,sleep
FN:27,(anonymous_1)
FN:35,estimateTokenCount
FN:50,(anonymous_3)
FN:66,(anonymous_4)
FN:87,getOpenAIClient
FN:163,buildMessageContext
FN:184,(anonymous_7)
FN:229,formatTimestamp
FN:272,validateChatAccess
FN:339,handleAIError
FNF:11
FNH:11
FNDA:3,sleep
FNDA:3,(anonymous_1)
FNDA:11,estimateTokenCount
FNDA:24,(anonymous_3)
FNDA:9,(anonymous_4)
FNDA:3,getOpenAIClient
FNDA:8,buildMessageContext
FNDA:12,(anonymous_7)
FNDA:11,formatTimestamp
FNDA:4,validateChatAccess
FNDA:6,handleAIError
DA:14,3
DA:15,3
DA:16,3
DA:19,3
DA:27,3
DA:36,11
DA:37,7
DA:51,24
DA:52,24
DA:53,24
DA:54,24
DA:67,9
DA:68,9
DA:89,3
DA:90,2
DA:95,1
DA:97,1
DA:98,0
DA:99,0
DA:106,1
DA:107,0
DA:118,1
DA:125,1
DA:132,1
DA:133,0
DA:137,1
DA:165,8
DA:166,2
DA:169,6
DA:170,1
DA:178,5
DA:181,5
DA:184,5
DA:186,12
DA:187,1
DA:191,11
DA:192,0
DA:198,11
DA:199,8
DA:200,8
DA:203,3
DA:207,4
DA:208,4
DA:210,4
DA:233,11
DA:234,1
DA:235,10
DA:236,9
DA:237,1
DA:239,1
DA:240,0
DA:243,0
DA:246,0
DA:250,11
DA:256,11
DA:273,4
DA:274,2
DA:276,2
DA:277,2
DA:280,0
DA:282,0
DA:287,0
DA:288,0
DA:291,0
DA:294,0
DA:296,0
DA:299,0
DA:300,0
DA:305,0
DA:307,0
DA:308,0
DA:311,0
DA:340,6
DA:343,6
DA:344,1
DA:352,5
DA:353,1
DA:360,4
DA:361,1
DA:369,3
DA:370,1
DA:378,2
DA:379,1
DA:386,1
DA:394,3
LF:85
LH:64
BRDA:36,0,0,4
BRDA:36,0,1,7
BRDA:87,1,0,2
BRDA:89,2,0,2
BRDA:89,2,1,1
BRDA:97,3,0,0
BRDA:97,3,1,1
BRDA:106,4,0,0
BRDA:106,4,1,1
BRDA:126,5,0,1
BRDA:126,5,1,1
BRDA:127,6,0,0
BRDA:127,6,1,1
BRDA:128,7,0,1
BRDA:128,7,1,1
BRDA:132,8,0,0
BRDA:132,8,1,1
BRDA:163,9,0,5
BRDA:165,10,0,2
BRDA:165,10,1,6
BRDA:169,11,0,1
BRDA:169,11,1,5
BRDA:178,12,0,4
BRDA:178,13,0,3
BRDA:186,14,0,1
BRDA:186,14,1,11
BRDA:186,15,0,12
BRDA:186,15,1,11
BRDA:191,16,0,0
BRDA:191,16,1,11
BRDA:198,17,0,8
BRDA:198,17,1,3
BRDA:233,18,0,1
BRDA:233,18,1,10
BRDA:235,19,0,9
BRDA:235,19,1,1
BRDA:237,20,0,1
BRDA:237,20,1,0
BRDA:237,21,0,1
BRDA:237,21,1,1
BRDA:240,22,0,0
BRDA:240,22,1,0
BRDA:240,23,0,0
BRDA:240,23,1,0
BRDA:273,24,0,2
BRDA:273,24,1,2
BRDA:273,25,0,4
BRDA:273,25,1,2
BRDA:276,26,0,2
BRDA:276,26,1,0
BRDA:276,27,0,2
BRDA:276,27,1,0
BRDA:287,28,0,0
BRDA:287,28,1,0
BRDA:294,29,0,0
BRDA:294,29,1,0
BRDA:294,30,0,0
BRDA:294,30,1,0
BRDA:299,31,0,0
BRDA:299,31,1,0
BRDA:307,32,0,0
BRDA:307,32,1,0
BRDA:343,33,0,1
BRDA:343,33,1,5
BRDA:343,34,0,6
BRDA:343,34,1,5
BRDA:352,35,0,1
BRDA:352,35,1,4
BRDA:352,36,0,5
BRDA:352,36,1,4
BRDA:360,37,0,1
BRDA:360,37,1,3
BRDA:360,38,0,4
BRDA:360,38,1,3
BRDA:369,39,0,1
BRDA:369,39,1,2
BRDA:369,40,0,3
BRDA:369,40,1,2
BRDA:378,41,0,1
BRDA:378,41,1,1
BRDA:389,42,0,0
BRDA:389,42,1,1
BRF:82
BRH:59
end_of_record
TN:
SF:utils/cacheUtils.js
FN:33,getCachedResult
FN:113,setCacheResult
FN:189,invalidateCache
FN:223,(anonymous_3)
FN:255,incrementCacheStats
FN:288,getCacheStats
FNF:6
FNH:6
FNDA:8,getCachedResult
FNDA:6,setCacheResult
FNDA:4,invalidateCache
FNDA:5,(anonymous_3)
FNDA:7,incrementCacheStats
FNDA:3,getCacheStats
DA:15,1
DA:16,1
DA:34,8
DA:36,8
DA:37,2
DA:44,6
DA:45,2
DA:52,4
DA:54,4
DA:62,4
DA:64,1
DA:65,1
DA:68,3
DA:69,3
DA:70,3
DA:72,3
DA:74,2
DA:75,2
DA:79,1
DA:81,1
DA:87,0
DA:88,0
DA:114,6
DA:115,1
DA:122,5
DA:123,2
DA:130,3
DA:131,1
DA:138,2
DA:139,1
DA:146,1
DA:148,1
DA:158,1
DA:159,0
DA:162,1
DA:164,0
DA:165,0
DA:190,4
DA:192,4
DA:193,1
DA:200,3
DA:201,3
DA:206,3
DA:211,3
DA:212,1
DA:215,3
DA:217,3
DA:218,2
DA:222,1
DA:223,1
DA:224,5
DA:227,1
DA:229,1
DA:230,0
DA:233,1
DA:235,0
DA:236,0
DA:256,7
DA:257,0
DA:260,7
DA:262,7
DA:263,7
DA:267,7
DA:275,1
DA:289,3
DA:290,3
DA:295,2
DA:296,1
DA:299,1
DA:301,1
DA:302,1
DA:307,1
LF:72
LH:63
BRDA:33,0,0,7
BRDA:34,1,0,7
BRDA:36,2,0,2
BRDA:36,2,1,6
BRDA:36,3,0,8
BRDA:36,3,1,6
BRDA:44,4,0,2
BRDA:44,4,1,4
BRDA:44,5,0,6
BRDA:44,5,1,4
BRDA:62,6,0,1
BRDA:62,6,1,3
BRDA:72,7,0,2
BRDA:72,7,1,1
BRDA:114,8,0,1
BRDA:114,8,1,5
BRDA:114,9,0,6
BRDA:114,9,1,5
BRDA:122,10,0,2
BRDA:122,10,1,3
BRDA:122,11,0,5
BRDA:122,11,1,4
BRDA:130,12,0,1
BRDA:130,12,1,2
BRDA:130,13,0,3
BRDA:130,13,1,2
BRDA:138,14,0,1
BRDA:138,14,1,1
BRDA:154,15,0,1
BRDA:154,15,1,0
BRDA:158,16,0,0
BRDA:158,16,1,1
BRDA:189,17,0,4
BRDA:190,18,0,4
BRDA:192,19,0,1
BRDA:192,19,1,3
BRDA:192,20,0,4
BRDA:192,20,1,3
BRDA:211,21,0,1
BRDA:211,21,1,2
BRDA:217,22,0,2
BRDA:217,22,1,1
BRDA:229,23,0,0
BRDA:229,23,1,1
BRDA:256,24,0,0
BRDA:256,24,1,7
BRDA:256,25,0,7
BRDA:256,25,1,7
BRDA:268,26,0,3
BRDA:268,26,1,4
BRDA:269,27,0,3
BRDA:269,27,1,4
BRDA:295,28,0,1
BRDA:295,28,1,1
BRF:54
BRH:50
end_of_record
TN:
SF:utils/errors.js
FN:24,(anonymous_0)
FN:40,(anonymous_1)
FN:57,(anonymous_2)
FN:74,(anonymous_3)
FN:103,handleAIError
FN:201,logError
FNF:6
FNH:6
FNDA:3,(anonymous_0)
FNDA:2,(anonymous_1)
FNDA:3,(anonymous_2)
FNDA:3,(anonymous_3)
FNDA:12,handleAIError
FNDA:1,logError
DA:12,2
DA:25,3
DA:26,3
DA:27,3
DA:28,3
DA:41,2
DA:42,2
DA:43,2
DA:44,2
DA:58,3
DA:59,3
DA:60,3
DA:61,3
DA:75,3
DA:76,3
DA:77,3
DA:78,3
DA:79,3
DA:104,12
DA:107,12
DA:108,1
DA:115,11
DA:116,1
DA:124,10
DA:125,1
DA:132,9
DA:133,1
DA:141,8
DA:142,2
DA:150,6
DA:151,1
DA:158,5
DA:159,1
DA:167,4
DA:168,1
DA:175,3
DA:203,1
DA:204,1
DA:207,0
DA:208,0
DA:228,0
DA:233,2
LF:42
LH:39
BRDA:24,0,0,1
BRDA:24,1,0,1
BRDA:57,2,0,2
BRDA:74,3,0,1
BRDA:107,4,0,1
BRDA:107,4,1,11
BRDA:115,5,0,1
BRDA:115,5,1,10
BRDA:115,6,0,11
BRDA:115,6,1,10
BRDA:124,7,0,1
BRDA:124,7,1,9
BRDA:124,8,0,10
BRDA:124,8,1,9
BRDA:132,9,0,1
BRDA:132,9,1,8
BRDA:132,10,0,9
BRDA:132,10,1,8
BRDA:141,11,0,2
BRDA:141,11,1,6
BRDA:141,12,0,8
BRDA:141,12,1,7
BRDA:150,13,0,1
BRDA:150,13,1,5
BRDA:158,14,0,1
BRDA:158,14,1,4
BRDA:167,15,0,1
BRDA:167,15,1,3
BRDA:178,16,0,1
BRDA:178,16,1,2
BRDA:201,17,0,0
BRDA:203,18,0,1
BRDA:203,18,1,0
BRDA:217,19,0,0
BRDA:217,19,1,0
BRDA:219,20,0,0
BRDA:219,20,1,0
BRF:37
BRH:31
end_of_record
TN:
SF:utils/langchainUtils.js
FN:38,createSimpleChain
FN:122,createStructuredOutputChain
FN:184,(anonymous_2)
FN:235,parseJSONResponse
FN:292,invokeWithRetry
FN:337,tokenCount
FNF:6
FNH:5
FNDA:6,createSimpleChain
FNDA:5,createStructuredOutputChain
FNDA:0,(anonymous_2)
FNDA:10,parseJSONResponse
FNDA:4,invokeWithRetry
FNDA:3,tokenCount
DA:13,1
DA:14,1
DA:15,1
DA:16,1
DA:17,1
DA:39,6
DA:40,3
DA:52,3
DA:54,3
DA:56,3
DA:57,3
DA:58,1
DA:66,2
DA:76,2
DA:79,2
DA:85,2
DA:86,0
DA:93,2
DA:95,1
DA:96,1
DA:98,0
DA:123,5
DA:124,2
DA:131,3
DA:132,2
DA:144,1
DA:146,1
DA:147,1
DA:148,1
DA:149,0
DA:157,1
DA:167,1
DA:170,1
DA:171,1
DA:176,1
DA:183,1
DA:184,1
DA:185,0
DA:187,0
DA:191,0
DA:193,0
DA:195,0
DA:201,0
DA:205,1
DA:207,0
DA:208,0
DA:210,0
DA:236,10
DA:238,10
DA:239,3
DA:240,3
DA:246,0
DA:249,7
DA:251,7
DA:254,7
DA:255,1
DA:256,6
DA:257,1
DA:261,7
DA:263,4
DA:265,3
DA:266,1
DA:272,2
DA:293,4
DA:297,4
DA:298,7
DA:299,7
DA:300,2
DA:302,5
DA:305,5
DA:307,1
DA:311,4
DA:312,3
DA:313,3
DA:318,3
DA:324,1
DA:338,3
DA:342,1
LF:78
LH:65
BRDA:38,0,0,5
BRDA:39,1,0,3
BRDA:39,1,1,3
BRDA:39,2,0,6
BRDA:39,2,1,4
BRDA:48,3,0,2
BRDA:49,4,0,2
BRDA:50,5,0,2
BRDA:51,6,0,3
BRDA:57,7,0,1
BRDA:57,7,1,2
BRDA:85,8,0,0
BRDA:85,8,1,2
BRDA:95,9,0,1
BRDA:95,9,1,0
BRDA:122,10,0,5
BRDA:123,11,0,2
BRDA:123,11,1,3
BRDA:123,12,0,5
BRDA:123,12,1,4
BRDA:131,13,0,2
BRDA:131,13,1,1
BRDA:131,14,0,3
BRDA:131,14,1,1
BRDA:140,15,0,1
BRDA:141,16,0,1
BRDA:142,17,0,1
BRDA:143,18,0,1
BRDA:148,19,0,0
BRDA:148,19,1,1
BRDA:193,20,0,0
BRDA:193,20,1,0
BRDA:193,21,0,0
BRDA:193,21,1,0
BRDA:207,22,0,0
BRDA:207,22,1,0
BRDA:235,23,0,8
BRDA:236,24,0,9
BRDA:236,25,0,8
BRDA:238,26,0,3
BRDA:238,26,1,7
BRDA:238,27,0,10
BRDA:238,27,1,8
BRDA:239,28,0,3
BRDA:239,28,1,0
BRDA:254,29,0,1
BRDA:254,29,1,6
BRDA:256,30,0,1
BRDA:256,30,1,5
BRDA:265,31,0,1
BRDA:265,31,1,2
BRDA:292,32,0,2
BRDA:293,33,0,2
BRDA:293,34,0,2
BRDA:305,35,0,1
BRDA:305,35,1,4
BRDA:305,36,0,5
BRDA:305,36,1,1
BRDA:305,36,2,1
BRDA:311,37,0,3
BRDA:311,37,1,1
BRF:61
BRH:51
end_of_record
TN:
SF:utils/rateLimiter.js
FN:44,checkRateLimit
FN:119,incrementRateLimit
FN:141,(anonymous_2)
FN:194,getRateLimitStatus
FN:265,resetRateLimit
FN:294,(anonymous_5)
FN:313,checkAdminBypass
FNF:7
FNH:5
FNDA:7,checkRateLimit
FNDA:4,incrementRateLimit
FNDA:0,(anonymous_2)
FNDA:7,getRateLimitStatus
FNDA:3,resetRateLimit
FNDA:0,(anonymous_5)
FNDA:5,checkAdminBypass
DA:15,1
DA:16,1
DA:21,1
DA:45,7
DA:46,2
DA:49,5
DA:50,2
DA:54,3
DA:55,3
DA:56,1
DA:59,2
DA:63,2
DA:64,2
DA:70,2
DA:72,2
DA:73,2
DA:76,0
DA:77,0
DA:80,0
DA:81,0
DA:83,0
DA:85,0
DA:89,0
DA:90,0
DA:91,0
DA:98,0
DA:100,0
DA:101,0
DA:104,0
DA:105,0
DA:120,4
DA:121,1
DA:124,3
DA:125,1
DA:129,2
DA:130,2
DA:131,1
DA:134,1
DA:135,1
DA:141,1
DA:142,0
DA:143,0
DA:144,0
DA:146,0
DA:148,0
DA:154,0
DA:155,0
DA:157,0
DA:159,0
DA:166,0
DA:175,1
DA:195,7
DA:196,2
DA:199,5
DA:200,2
DA:203,3
DA:205,3
DA:206,3
DA:212,3
DA:214,3
DA:215,3
DA:223,0
DA:224,0
DA:225,0
DA:228,0
DA:229,0
DA:237,0
DA:244,0
DA:245,0
DA:266,3
DA:267,2
DA:270,1
DA:271,1
DA:273,1
DA:279,1
DA:280,1
DA:283,0
DA:289,0
DA:290,0
DA:293,0
DA:294,0
DA:295,0
DA:297,0
DA:299,0
DA:302,0
DA:303,0
DA:314,5
DA:315,5
DA:316,5
DA:319,0
DA:324,1
LF:91
LH:48
BRDA:44,0,0,6
BRDA:45,1,0,2
BRDA:45,1,1,5
BRDA:45,2,0,7
BRDA:45,2,1,5
BRDA:49,3,0,2
BRDA:49,3,1,3
BRDA:49,4,0,5
BRDA:49,4,1,3
BRDA:55,5,0,1
BRDA:55,5,1,2
BRDA:59,6,0,2
BRDA:59,6,1,1
BRDA:59,6,2,1
BRDA:72,7,0,2
BRDA:72,7,1,0
BRDA:81,8,0,0
BRDA:81,8,1,0
BRDA:83,9,0,0
BRDA:83,9,1,0
BRDA:89,10,0,0
BRDA:89,10,1,0
BRDA:100,11,0,0
BRDA:100,11,1,0
BRDA:120,12,0,1
BRDA:120,12,1,3
BRDA:120,13,0,4
BRDA:120,13,1,3
BRDA:124,14,0,1
BRDA:124,14,1,2
BRDA:124,15,0,3
BRDA:124,15,1,2
BRDA:130,16,0,1
BRDA:130,16,1,1
BRDA:146,17,0,0
BRDA:146,17,1,0
BRDA:155,18,0,0
BRDA:155,18,1,0
BRDA:157,19,0,0
BRDA:157,19,1,0
BRDA:195,20,0,2
BRDA:195,20,1,5
BRDA:195,21,0,7
BRDA:195,21,1,5
BRDA:199,22,0,2
BRDA:199,22,1,3
BRDA:199,23,0,5
BRDA:199,23,1,3
BRDA:203,24,0,3
BRDA:203,24,1,0
BRDA:214,25,0,3
BRDA:214,25,1,0
BRDA:224,26,0,0
BRDA:225,27,0,0
BRDA:225,27,1,0
BRDA:228,28,0,0
BRDA:228,28,1,0
BRDA:266,29,0,2
BRDA:266,29,1,1
BRDA:266,30,0,3
BRDA:266,30,1,1
BRDA:271,31,0,1
BRDA:271,31,1,0
BRDA:289,32,0,0
BRDA:289,32,1,0
BRF:65
BRH:40
end_of_record
